#
# There is insufficient memory for the Java Runtime Environment to continue.
# Native memory allocation (mmap) failed to map 234881024 bytes for G1 virtual space
# Possible reasons:
#   The system is out of physical RAM or swap space
#   The process is running with CompressedOops enabled, and the Java Heap may be blocking the growth of the native heap
# Possible solutions:
#   Reduce memory load on the system
#   Increase physical memory or swap space
#   Check if swap backing store is full
#   Decrease Java heap size (-Xmx/-Xms)
#   Decrease number of Java threads
#   Decrease Java thread stack sizes (-Xss)
#   Set larger code cache with -XX:ReservedCodeCacheSize=
#   JVM is running with Unscaled Compressed Oops mode in which the Java heap is
#     placed in the first 4GB address space. The Java Heap base address is the
#     maximum limit for the native heap growth. Please use -XX:HeapBaseMinAddress
#     to set the Java Heap base and to place the Java Heap above 4GB virtual address.
# This output file may be truncated or incomplete.
#
#  Out of Memory Error (os_windows.cpp:3557), pid=12568, tid=15768
#
# JRE version: OpenJDK Runtime Environment Temurin-17.0.6+10 (17.0.6+10) (build 17.0.6+10)
# Java VM: OpenJDK 64-Bit Server VM Temurin-17.0.6+10 (17.0.6+10, mixed mode, emulated-client, tiered, compressed oops, compressed class ptrs, g1 gc, windows-amd64)
# No core dump will be written. Minidumps are not enabled by default on client versions of Windows
#

---------------  S U M M A R Y ------------

Command Line: -XX:+HeapDumpOnOutOfMemoryError -Xmx1024m -Dsts.lsp.client=vscode -Dsts.log.file=/dev/null -XX:TieredStopAtLevel=1 -Xlog:jni+resolve=off -Dspring.config.location=file:c:\Users\nguyen huu tri\.vscode\extensions\vmware.vscode-spring-boot-1.45.0\language-server\BOOT-INF\classes\application.properties org.springframework.ide.vscode.boot.app.BootLanguageServerBootApp

Host: Intel(R) Core(TM) i5-8250U CPU @ 1.60GHz, 8 cores, 7G,  Windows 11 , 64 bit Build 22621 (10.0.22621.1344)
Time: Thu Apr  6 20:19:51 2023 SE Asia Standard Time elapsed time: 11.243933 seconds (0d 0h 0m 11s)

---------------  T H R E A D  ---------------

Current thread (0x0000027838c970b0):  VMThread "VM Thread" [stack: 0x000000f573f00000,0x000000f574000000] [id=15768]

Stack: [0x000000f573f00000,0x000000f574000000]
Native frames: (J=compiled Java code, j=interpreted, Vv=VM code, C=native code)
V  [jvm.dll+0x67741a]
V  [jvm.dll+0x834434]
V  [jvm.dll+0x835bde]
V  [jvm.dll+0x836243]
V  [jvm.dll+0x2457b5]
V  [jvm.dll+0x674329]
V  [jvm.dll+0x6689da]
V  [jvm.dll+0x30489b]
V  [jvm.dll+0x30bd96]
V  [jvm.dll+0x35b57e]
V  [jvm.dll+0x35b7af]
V  [jvm.dll+0x2db778]
V  [jvm.dll+0x2d9a2c]
V  [jvm.dll+0x2d8ffc]
V  [jvm.dll+0x31cdcb]
V  [jvm.dll+0x83a6eb]
V  [jvm.dll+0x83b424]
V  [jvm.dll+0x83b93c]
V  [jvm.dll+0x83bd14]
V  [jvm.dll+0x83bde0]
V  [jvm.dll+0x7e483a]
V  [jvm.dll+0x6762c5]
C  [ucrtbase.dll+0x29363]
C  [KERNEL32.DLL+0x126bd]
C  [ntdll.dll+0x5a9f8]

VM_Operation (0x000000f576efdcd0): G1CollectForAllocation, mode: safepoint, requested by thread 0x000002783afd43f0


---------------  P R O C E S S  ---------------

Threads class SMR info:
_java_thread_list=0x000002783d7b9030, length=45, elements={
0x00000278398012d0, 0x00000278398026b0, 0x0000027839831010, 0x00000278398318d0,
0x0000027839832190, 0x0000027839832a50, 0x0000027839835320, 0x0000027839838b70,
0x0000027839a354e0, 0x0000027839a51010, 0x000002782de77280, 0x000002783a81b470,
0x000002783a9ef7b0, 0x000002783ac97020, 0x000002783ac974f0, 0x000002783ab04020,
0x000002782de76500, 0x000002783ad38f60, 0x000002783adb2010, 0x000002783ad9e2d0,
0x000002783ad9e7a0, 0x000002783ad9d800, 0x000002783ad9dcd0, 0x000002783ad9c990,
0x000002783ad9a310, 0x000002783ad9a7e0, 0x000002783ad9ce60, 0x000002783ad9acb0,
0x000002783ad9b180, 0x000002783ad9b650, 0x000002783ad9d330, 0x000002783ad9bff0,
0x000002783ad9bb20, 0x000002783ad9c4c0, 0x000002783afce880, 0x000002783afd0a30,
0x000002783afcda10, 0x000002783afd2240, 0x000002783afd43f0, 0x000002783afced50,
0x000002783afd0f00, 0x000002783afd30b0, 0x000002783afd18a0, 0x000002783afd3f20,
0x000002783afd2710
}

Java Threads: ( => current thread )
  0x00000278398012d0 JavaThread "Reference Handler" daemon [_thread_blocked, id=21032, stack(0x000000f574000000,0x000000f574100000)]
  0x00000278398026b0 JavaThread "Finalizer" daemon [_thread_blocked, id=21936, stack(0x000000f574100000,0x000000f574200000)]
  0x0000027839831010 JavaThread "Signal Dispatcher" daemon [_thread_blocked, id=6740, stack(0x000000f574200000,0x000000f574300000)]
  0x00000278398318d0 JavaThread "Attach Listener" daemon [_thread_blocked, id=11612, stack(0x000000f574300000,0x000000f574400000)]
  0x0000027839832190 JavaThread "Service Thread" daemon [_thread_blocked, id=24016, stack(0x000000f574400000,0x000000f574500000)]
  0x0000027839832a50 JavaThread "Monitor Deflation Thread" daemon [_thread_blocked, id=27140, stack(0x000000f574500000,0x000000f574600000)]
  0x0000027839835320 JavaThread "C1 CompilerThread0" daemon [_thread_blocked, id=16332, stack(0x000000f574600000,0x000000f574700000)]
  0x0000027839838b70 JavaThread "Sweeper thread" daemon [_thread_blocked, id=7632, stack(0x000000f574700000,0x000000f574800000)]
  0x0000027839a354e0 JavaThread "Notification Thread" daemon [_thread_blocked, id=22552, stack(0x000000f574800000,0x000000f574900000)]
  0x0000027839a51010 JavaThread "Common-Cleaner" daemon [_thread_blocked, id=11116, stack(0x000000f574a00000,0x000000f574b00000)]
  0x000002782de77280 JavaThread "C1 CompilerThread1" daemon [_thread_blocked, id=3500, stack(0x000000f574b00000,0x000000f574c00000)]
  0x000002783a81b470 JavaThread "C1 CompilerThread2" daemon [_thread_blocked, id=10600, stack(0x000000f575400000,0x000000f575500000)]
  0x000002783a9ef7b0 JavaThread "boundedElastic-evictor-1" daemon [_thread_blocked, id=23660, stack(0x000000f575300000,0x000000f575400000)]
  0x000002783ac97020 JavaThread "boundedElastic-evictor-2" daemon [_thread_blocked, id=21196, stack(0x000000f575600000,0x000000f575700000)]
  0x000002783ac974f0 JavaThread "pool-10-thread-1" [_thread_blocked, id=23780, stack(0x000000f575700000,0x000000f575800000)]
  0x000002783ab04020 JavaThread "LanguageServerApp-lifecycle" [_thread_blocked, id=16184, stack(0x000000f575800000,0x000000f575900000)]
  0x000002782de76500 JavaThread "DestroyJavaVM" [_thread_blocked, id=7836, stack(0x000000f573900000,0x000000f573a00000)]
  0x000002783ad38f60 JavaThread "pool-11-thread-1" [_thread_in_native, id=20856, stack(0x000000f575900000,0x000000f575a00000)]
  0x000002783adb2010 JavaThread "Simple-Language-Server main thread" daemon [_thread_blocked, id=25732, stack(0x000000f575a00000,0x000000f575b00000)]
  0x000002783ad9e2d0 JavaThread "pool-2-thread-1" [_thread_blocked, id=22784, stack(0x000000f575b00000,0x000000f575c00000)]
  0x000002783ad9e7a0 JavaThread "pool-2-thread-2" [_thread_blocked, id=5320, stack(0x000000f575c00000,0x000000f575d00000)]
  0x000002783ad9d800 JavaThread "pool-2-thread-3" [_thread_blocked, id=19388, stack(0x000000f575d00000,0x000000f575e00000)]
  0x000002783ad9dcd0 JavaThread "pool-6-thread-1" [_thread_blocked, id=23444, stack(0x000000f575e00000,0x000000f575f00000)]
  0x000002783ad9c990 JavaThread "ForkJoinPool.commonPool-worker-1" daemon [_thread_blocked, id=6316, stack(0x000000f575f00000,0x000000f576000000)]
  0x000002783ad9a310 JavaThread "ClassGraph-worker-0" daemon [_thread_blocked, id=16892, stack(0x000000f576000000,0x000000f576100000)]
  0x000002783ad9a7e0 JavaThread "parallel-1" daemon [_thread_blocked, id=13260, stack(0x000000f576100000,0x000000f576200000)]
  0x000002783ad9ce60 JavaThread "ClassGraph-worker-1" daemon [_thread_blocked, id=26676, stack(0x000000f576200000,0x000000f576300000)]
  0x000002783ad9acb0 JavaThread "ClassGraph-worker-2" daemon [_thread_blocked, id=25008, stack(0x000000f576300000,0x000000f576400000)]
  0x000002783ad9b180 JavaThread "ClassGraph-worker-3" daemon [_thread_blocked, id=2656, stack(0x000000f576400000,0x000000f576500000)]
  0x000002783ad9b650 JavaThread "ClassGraph-worker-4" daemon [_thread_blocked, id=22904, stack(0x000000f576500000,0x000000f576600000)]
  0x000002783ad9d330 JavaThread "ClassGraph-worker-5" daemon [_thread_blocked, id=24168, stack(0x000000f576600000,0x000000f576700000)]
  0x000002783ad9bff0 JavaThread "ClassGraph-worker-6" daemon [_thread_blocked, id=10180, stack(0x000000f576700000,0x000000f576800000)]
  0x000002783ad9bb20 JavaThread "ClassGraph-worker-7" daemon [_thread_blocked, id=3284, stack(0x000000f576800000,0x000000f576900000)]
  0x000002783ad9c4c0 JavaThread "ClassGraph-worker-8" daemon [_thread_blocked, id=7880, stack(0x000000f576900000,0x000000f576a00000)]
  0x000002783afce880 JavaThread "ClassGraph-worker-9" daemon [_thread_blocked, id=26204, stack(0x000000f576a00000,0x000000f576b00000)]
  0x000002783afd0a30 JavaThread "ClassGraph-worker-10" daemon [_thread_blocked, id=16864, stack(0x000000f576b00000,0x000000f576c00000)]
  0x000002783afcda10 JavaThread "ClassGraph-worker-11" daemon [_thread_blocked, id=4424, stack(0x000000f576c00000,0x000000f576d00000)]
  0x000002783afd2240 JavaThread "ClassGraph-worker-12" daemon [_thread_blocked, id=21516, stack(0x000000f576d00000,0x000000f576e00000)]
  0x000002783afd43f0 JavaThread "ClassGraph-worker-13" daemon [_thread_blocked, id=21556, stack(0x000000f576e00000,0x000000f576f00000)]
  0x000002783afced50 JavaThread "pool-3-thread-1" [_thread_blocked, id=19644, stack(0x000000f576f00000,0x000000f577000000)]
  0x000002783afd0f00 JavaThread "ForkJoinPool.commonPool-worker-2" daemon [_thread_blocked, id=15924, stack(0x000000f577000000,0x000000f577100000)]
  0x000002783afd30b0 JavaThread "pool-3-thread-2" [_thread_blocked, id=21744, stack(0x000000f577100000,0x000000f577200000)]
  0x000002783afd18a0 JavaThread "pool-3-thread-3" [_thread_blocked, id=25704, stack(0x000000f577200000,0x000000f577300000)]
  0x000002783afd3f20 JavaThread "pool-4-thread-1" [_thread_blocked, id=8596, stack(0x000000f577300000,0x000000f577400000)]
  0x000002783afd2710 JavaThread "parallel-2" daemon [_thread_blocked, id=868, stack(0x000000f577400000,0x000000f577500000)]

Other Threads:
=>0x0000027838c970b0 VMThread "VM Thread" [stack: 0x000000f573f00000,0x000000f574000000] [id=15768]
  0x0000027839a379c0 WatcherThread [stack: 0x000000f574900000,0x000000f574a00000] [id=4436]
  0x000002782deb46b0 GCTaskThread "GC Thread#0" [stack: 0x000000f573a00000,0x000000f573b00000] [id=25592]
  0x000002783a45e020 GCTaskThread "GC Thread#1" [stack: 0x000000f574c00000,0x000000f574d00000] [id=23580]
  0x000002783a45e2d0 GCTaskThread "GC Thread#2" [stack: 0x000000f574d00000,0x000000f574e00000] [id=20904]
  0x000002783a47faf0 GCTaskThread "GC Thread#3" [stack: 0x000000f574e00000,0x000000f574f00000] [id=22412]
  0x000002783a47fda0 GCTaskThread "GC Thread#4" [stack: 0x000000f574f00000,0x000000f575000000] [id=18984]
  0x000002783a6b3190 GCTaskThread "GC Thread#5" [stack: 0x000000f575000000,0x000000f575100000] [id=28040]
  0x000002783a6b3440 GCTaskThread "GC Thread#6" [stack: 0x000000f575100000,0x000000f575200000] [id=21732]
  0x000002783a6b36f0 GCTaskThread "GC Thread#7" [stack: 0x000000f575200000,0x000000f575300000] [id=1572]
  0x000002782debee80 ConcurrentGCThread "G1 Main Marker" [stack: 0x000000f573b00000,0x000000f573c00000] [id=14484]
  0x000002782dec0650 ConcurrentGCThread "G1 Conc#0" [stack: 0x000000f573c00000,0x000000f573d00000] [id=19816]
  0x000002783a880c00 ConcurrentGCThread "G1 Conc#1" [stack: 0x000000f575500000,0x000000f575600000] [id=13124]
  0x000002782df160d0 ConcurrentGCThread "G1 Refine#0" [stack: 0x000000f573d00000,0x000000f573e00000] [id=24684]
  0x000002783d95ae30 ConcurrentGCThread "G1 Refine#1" [stack: 0x000000f577500000,0x000000f577600000] [id=21420]
  0x000002783d66ae90 ConcurrentGCThread "G1 Refine#2" [stack: 0x000000f577600000,0x000000f577700000] [id=972]
  0x000002783d66abb0 ConcurrentGCThread "G1 Refine#3" [stack: 0x000000f577700000,0x000000f577800000] [id=7264]
  0x000002782df168a0 ConcurrentGCThread "G1 Service" [stack: 0x000000f573e00000,0x000000f573f00000] [id=28532]

Threads with active compile tasks:

VM state: at safepoint (normal execution)

VM Mutex/Monitor currently owned by a thread:  ([mutex/lock_event])
[0x000002782bd9c420] Threads_lock - owner thread: 0x0000027838c970b0
[0x000002782de74530] Heap_lock - owner thread: 0x000002783afd43f0

Heap address: 0x00000000c0000000, size: 1024 MB, Compressed Oops mode: 32-bit

CDS archive(s) not mapped
Compressed class space mapped at: 0x0000000100000000-0x0000000140000000, reserved size: 1073741824
Narrow klass base: 0x0000000000000000, Narrow klass shift: 3, Narrow klass range: 0x140000000

GC Precious Log:
 CPUs: 8 total, 8 available
 Memory: 8052M
 Large Page Support: Disabled
 NUMA Support: Disabled
 Compressed Oops: Enabled (32-bit)
 Heap Region Size: 1M
 Heap Min Capacity: 8M
 Heap Initial Capacity: 126M
 Heap Max Capacity: 1G
 Pre-touch: Disabled
 Parallel Workers: 8
 Concurrent Workers: 2
 Concurrent Refinement Workers: 8
 Periodic GC: Disabled

Heap:
 garbage-first heap   total 221184K, used 86620K [0x00000000c0000000, 0x0000000100000000)
  region size 1024K, 9 young (9216K), 9 survivors (9216K)
 Metaspace       used 41431K, committed 41856K, reserved 1089536K
  class space    used 5227K, committed 5440K, reserved 1048576K

Heap Regions: E=young(eden), S=young(survivor), O=old, HS=humongous(starts), HC=humongous(continues), CS=collection set, F=free, OA=open archive, CA=closed archive, TAMS=top-at-mark-start (previous, next)
|   0|0x00000000c0000000, 0x00000000c0100000, 0x00000000c0100000|100%| O|  |TAMS 0x00000000c0100000, 0x00000000c0100000| Untracked 
|   1|0x00000000c0100000, 0x00000000c0200000, 0x00000000c0200000|100%| O|  |TAMS 0x00000000c0200000, 0x00000000c0200000| Untracked 
|   2|0x00000000c0200000, 0x00000000c0300000, 0x00000000c0300000|100%| O|  |TAMS 0x00000000c0300000, 0x00000000c0300000| Untracked 
|   3|0x00000000c0300000, 0x00000000c0400000, 0x00000000c0400000|100%| O|  |TAMS 0x00000000c0400000, 0x00000000c0400000| Untracked 
|   4|0x00000000c0400000, 0x00000000c0500000, 0x00000000c0500000|100%| O|  |TAMS 0x00000000c0500000, 0x00000000c0500000| Untracked 
|   5|0x00000000c0500000, 0x00000000c0600000, 0x00000000c0600000|100%| O|  |TAMS 0x00000000c0600000, 0x00000000c0600000| Untracked 
|   6|0x00000000c0600000, 0x00000000c0700000, 0x00000000c0700000|100%| O|  |TAMS 0x00000000c0700000, 0x00000000c0700000| Untracked 
|   7|0x00000000c0700000, 0x00000000c077b000, 0x00000000c0800000| 48%| O|  |TAMS 0x00000000c077b000, 0x00000000c077b000| Untracked 
|   8|0x00000000c0800000, 0x00000000c0900000, 0x00000000c0900000|100%| O|  |TAMS 0x00000000c0900000, 0x00000000c0900000| Untracked 
|   9|0x00000000c0900000, 0x00000000c0a00000, 0x00000000c0a00000|100%| O|  |TAMS 0x00000000c0a00000, 0x00000000c0a00000| Untracked 
|  10|0x00000000c0a00000, 0x00000000c0b00000, 0x00000000c0b00000|100%| O|  |TAMS 0x00000000c0b00000, 0x00000000c0b00000| Untracked 
|  11|0x00000000c0b00000, 0x00000000c0c00000, 0x00000000c0c00000|100%| O|  |TAMS 0x00000000c0c00000, 0x00000000c0c00000| Untracked 
|  12|0x00000000c0c00000, 0x00000000c0d00000, 0x00000000c0d00000|100%| O|  |TAMS 0x00000000c0d00000, 0x00000000c0d00000| Untracked 
|  13|0x00000000c0d00000, 0x00000000c0e00000, 0x00000000c0e00000|100%| O|  |TAMS 0x00000000c0e00000, 0x00000000c0e00000| Untracked 
|  14|0x00000000c0e00000, 0x00000000c0f00000, 0x00000000c0f00000|100%| O|  |TAMS 0x00000000c0f00000, 0x00000000c0f00000| Untracked 
|  15|0x00000000c0f00000, 0x00000000c1000000, 0x00000000c1000000|100%| O|  |TAMS 0x00000000c1000000, 0x00000000c1000000| Untracked 
|  16|0x00000000c1000000, 0x00000000c1100000, 0x00000000c1100000|100%| O|  |TAMS 0x00000000c1100000, 0x00000000c1100000| Untracked 
|  17|0x00000000c1100000, 0x00000000c1200000, 0x00000000c1200000|100%| O|  |TAMS 0x00000000c1200000, 0x00000000c1200000| Untracked 
|  18|0x00000000c1200000, 0x00000000c1300000, 0x00000000c1300000|100%| O|  |TAMS 0x00000000c1200000, 0x00000000c1300000| Untracked 
|  19|0x00000000c1300000, 0x00000000c1400000, 0x00000000c1400000|100%| O|  |TAMS 0x00000000c1400000, 0x00000000c1400000| Untracked 
|  20|0x00000000c1400000, 0x00000000c1500000, 0x00000000c1500000|100%| O|  |TAMS 0x00000000c1500000, 0x00000000c1500000| Untracked 
|  21|0x00000000c1500000, 0x00000000c1600000, 0x00000000c1600000|100%| O|  |TAMS 0x00000000c1600000, 0x00000000c1600000| Untracked 
|  22|0x00000000c1600000, 0x00000000c1700000, 0x00000000c1700000|100%| O|  |TAMS 0x00000000c1700000, 0x00000000c1700000| Untracked 
|  23|0x00000000c1700000, 0x00000000c1800000, 0x00000000c1800000|100%| O|  |TAMS 0x00000000c1800000, 0x00000000c1800000| Untracked 
|  24|0x00000000c1800000, 0x00000000c1900000, 0x00000000c1900000|100%| O|  |TAMS 0x00000000c1900000, 0x00000000c1900000| Untracked 
|  25|0x00000000c1900000, 0x00000000c1a00000, 0x00000000c1a00000|100%| O|  |TAMS 0x00000000c1a00000, 0x00000000c1a00000| Untracked 
|  26|0x00000000c1a00000, 0x00000000c1b00000, 0x00000000c1b00000|100%| O|  |TAMS 0x00000000c1b00000, 0x00000000c1b00000| Untracked 
|  27|0x00000000c1b00000, 0x00000000c1c00000, 0x00000000c1c00000|100%| O|  |TAMS 0x00000000c1c00000, 0x00000000c1c00000| Untracked 
|  28|0x00000000c1c00000, 0x00000000c1d00000, 0x00000000c1d00000|100%| O|  |TAMS 0x00000000c1c5ac00, 0x00000000c1d00000| Untracked 
|  29|0x00000000c1d00000, 0x00000000c1e00000, 0x00000000c1e00000|100%| O|  |TAMS 0x00000000c1d00000, 0x00000000c1e00000| Untracked 
|  30|0x00000000c1e00000, 0x00000000c1f00000, 0x00000000c1f00000|100%| O|  |TAMS 0x00000000c1e00000, 0x00000000c1f00000| Untracked 
|  31|0x00000000c1f00000, 0x00000000c2000000, 0x00000000c2000000|100%| O|  |TAMS 0x00000000c1f00000, 0x00000000c2000000| Untracked 
|  32|0x00000000c2000000, 0x00000000c2100000, 0x00000000c2100000|100%| O|  |TAMS 0x00000000c2000000, 0x00000000c2100000| Untracked 
|  33|0x00000000c2100000, 0x00000000c2200000, 0x00000000c2200000|100%| O|  |TAMS 0x00000000c2100000, 0x00000000c2200000| Untracked 
|  34|0x00000000c2200000, 0x00000000c2300000, 0x00000000c2300000|100%| O|  |TAMS 0x00000000c2200000, 0x00000000c2300000| Untracked 
|  35|0x00000000c2300000, 0x00000000c2400000, 0x00000000c2400000|100%| O|  |TAMS 0x00000000c2300000, 0x00000000c2400000| Untracked 
|  36|0x00000000c2400000, 0x00000000c2500000, 0x00000000c2500000|100%| O|  |TAMS 0x00000000c2400000, 0x00000000c2500000| Untracked 
|  37|0x00000000c2500000, 0x00000000c2600000, 0x00000000c2600000|100%| O|  |TAMS 0x00000000c2500000, 0x00000000c2600000| Untracked 
|  38|0x00000000c2600000, 0x00000000c2700000, 0x00000000c2700000|100%| O|  |TAMS 0x00000000c2600000, 0x00000000c2700000| Untracked 
|  39|0x00000000c2700000, 0x00000000c2800000, 0x00000000c2800000|100%| O|  |TAMS 0x00000000c2700000, 0x00000000c2800000| Untracked 
|  40|0x00000000c2800000, 0x00000000c2900000, 0x00000000c2900000|100%| O|  |TAMS 0x00000000c2800000, 0x00000000c2900000| Untracked 
|  41|0x00000000c2900000, 0x00000000c2a00000, 0x00000000c2a00000|100%| O|  |TAMS 0x00000000c2900000, 0x00000000c2a00000| Untracked 
|  42|0x00000000c2a00000, 0x00000000c2b00000, 0x00000000c2b00000|100%| O|  |TAMS 0x00000000c2a00000, 0x00000000c2b00000| Untracked 
|  43|0x00000000c2b00000, 0x00000000c2c00000, 0x00000000c2c00000|100%| O|  |TAMS 0x00000000c2b00000, 0x00000000c2c00000| Untracked 
|  44|0x00000000c2c00000, 0x00000000c2d00000, 0x00000000c2d00000|100%| O|  |TAMS 0x00000000c2c00000, 0x00000000c2d00000| Untracked 
|  45|0x00000000c2d00000, 0x00000000c2e00000, 0x00000000c2e00000|100%| O|  |TAMS 0x00000000c2d00000, 0x00000000c2e00000| Untracked 
|  46|0x00000000c2e00000, 0x00000000c2f00000, 0x00000000c2f00000|100%|HS|  |TAMS 0x00000000c2e00000, 0x00000000c2f00000| Complete 
|  47|0x00000000c2f00000, 0x00000000c3000000, 0x00000000c3000000|100%|HS|  |TAMS 0x00000000c2f00000, 0x00000000c3000000| Complete 
|  48|0x00000000c3000000, 0x00000000c3100000, 0x00000000c3100000|100%| O|  |TAMS 0x00000000c3000000, 0x00000000c3100000| Untracked 
|  49|0x00000000c3100000, 0x00000000c3200000, 0x00000000c3200000|100%| O|  |TAMS 0x00000000c3100000, 0x00000000c3200000| Untracked 
|  50|0x00000000c3200000, 0x00000000c3300000, 0x00000000c3300000|100%| O|  |TAMS 0x00000000c3200000, 0x00000000c3300000| Untracked 
|  51|0x00000000c3300000, 0x00000000c3400000, 0x00000000c3400000|100%| O|  |TAMS 0x00000000c3300000, 0x00000000c3400000| Untracked 
|  52|0x00000000c3400000, 0x00000000c3500000, 0x00000000c3500000|100%| O|  |TAMS 0x00000000c3400000, 0x00000000c3500000| Untracked 
|  53|0x00000000c3500000, 0x00000000c3600000, 0x00000000c3600000|100%| O|  |TAMS 0x00000000c3500000, 0x00000000c3600000| Untracked 
|  54|0x00000000c3600000, 0x00000000c3700000, 0x00000000c3700000|100%| O|  |TAMS 0x00000000c3600000, 0x00000000c3700000| Untracked 
|  55|0x00000000c3700000, 0x00000000c3800000, 0x00000000c3800000|100%| O|  |TAMS 0x00000000c3700000, 0x00000000c3800000| Untracked 
|  56|0x00000000c3800000, 0x00000000c3900000, 0x00000000c3900000|100%| O|  |TAMS 0x00000000c3800000, 0x00000000c3900000| Untracked 
|  57|0x00000000c3900000, 0x00000000c3a00000, 0x00000000c3a00000|100%| O|  |TAMS 0x00000000c3900000, 0x00000000c3a00000| Untracked 
|  58|0x00000000c3a00000, 0x00000000c3b00000, 0x00000000c3b00000|100%| O|  |TAMS 0x00000000c3a00000, 0x00000000c3b00000| Untracked 
|  59|0x00000000c3b00000, 0x00000000c3c00000, 0x00000000c3c00000|100%| O|  |TAMS 0x00000000c3b00000, 0x00000000c3c00000| Untracked 
|  60|0x00000000c3c00000, 0x00000000c3d00000, 0x00000000c3d00000|100%| O|  |TAMS 0x00000000c3c00000, 0x00000000c3c00000| Untracked 
|  61|0x00000000c3d00000, 0x00000000c3e00000, 0x00000000c3e00000|100%| O|  |TAMS 0x00000000c3d00000, 0x00000000c3d00000| Untracked 
|  62|0x00000000c3e00000, 0x00000000c3f00000, 0x00000000c3f00000|100%| O|  |TAMS 0x00000000c3e00000, 0x00000000c3e00000| Untracked 
|  63|0x00000000c3f00000, 0x00000000c4000000, 0x00000000c4000000|100%| O|  |TAMS 0x00000000c3f00000, 0x00000000c3f00000| Untracked 
|  64|0x00000000c4000000, 0x00000000c4100000, 0x00000000c4100000|100%| O|  |TAMS 0x00000000c4000000, 0x00000000c4000000| Untracked 
|  65|0x00000000c4100000, 0x00000000c4200000, 0x00000000c4200000|100%| O|  |TAMS 0x00000000c4100000, 0x00000000c4100000| Untracked 
|  66|0x00000000c4200000, 0x00000000c4300000, 0x00000000c4300000|100%|HS|  |TAMS 0x00000000c4200000, 0x00000000c4200000| Complete 
|  67|0x00000000c4300000, 0x00000000c4400000, 0x00000000c4400000|100%| O|  |TAMS 0x00000000c4300000, 0x00000000c4300000| Untracked 
|  68|0x00000000c4400000, 0x00000000c4500000, 0x00000000c4500000|100%| O|  |TAMS 0x00000000c4400000, 0x00000000c4400000| Untracked 
|  69|0x00000000c4500000, 0x00000000c4600000, 0x00000000c4600000|100%| O|  |TAMS 0x00000000c4500000, 0x00000000c4500000| Untracked 
|  70|0x00000000c4600000, 0x00000000c4700000, 0x00000000c4700000|100%| O|  |TAMS 0x00000000c4600000, 0x00000000c4600000| Untracked 
|  71|0x00000000c4700000, 0x00000000c4800000, 0x00000000c4800000|100%| O|  |TAMS 0x00000000c4700000, 0x00000000c4700000| Untracked 
|  72|0x00000000c4800000, 0x00000000c4900000, 0x00000000c4900000|100%| O|  |TAMS 0x00000000c4800000, 0x00000000c4800000| Untracked 
|  73|0x00000000c4900000, 0x00000000c4a00000, 0x00000000c4a00000|100%| O|  |TAMS 0x00000000c4900000, 0x00000000c4900000| Untracked 
|  74|0x00000000c4a00000, 0x00000000c4b00000, 0x00000000c4b00000|100%| O|  |TAMS 0x00000000c4a00000, 0x00000000c4a00000| Untracked 
|  75|0x00000000c4b00000, 0x00000000c4c00000, 0x00000000c4c00000|100%| O|  |TAMS 0x00000000c4b00000, 0x00000000c4b00000| Untracked 
|  76|0x00000000c4c00000, 0x00000000c4ca7400, 0x00000000c4d00000| 65%| O|  |TAMS 0x00000000c4c00000, 0x00000000c4c00000| Untracked 
|  77|0x00000000c4d00000, 0x00000000c4d00000, 0x00000000c4e00000|  0%| F|  |TAMS 0x00000000c4d00000, 0x00000000c4d00000| Untracked 
|  78|0x00000000c4e00000, 0x00000000c4e00000, 0x00000000c4f00000|  0%| F|  |TAMS 0x00000000c4e00000, 0x00000000c4e00000| Untracked 
|  79|0x00000000c4f00000, 0x00000000c4f00000, 0x00000000c5000000|  0%| F|  |TAMS 0x00000000c4f00000, 0x00000000c4f00000| Untracked 
|  80|0x00000000c5000000, 0x00000000c5000000, 0x00000000c5100000|  0%| F|  |TAMS 0x00000000c5000000, 0x00000000c5000000| Untracked 
|  81|0x00000000c5100000, 0x00000000c5100000, 0x00000000c5200000|  0%| F|  |TAMS 0x00000000c5100000, 0x00000000c5100000| Untracked 
|  82|0x00000000c5200000, 0x00000000c5200000, 0x00000000c5300000|  0%| F|  |TAMS 0x00000000c5200000, 0x00000000c5200000| Untracked 
|  83|0x00000000c5300000, 0x00000000c5300000, 0x00000000c5400000|  0%| F|  |TAMS 0x00000000c5300000, 0x00000000c5300000| Untracked 
|  84|0x00000000c5400000, 0x00000000c5400000, 0x00000000c5500000|  0%| F|  |TAMS 0x00000000c5400000, 0x00000000c5400000| Untracked 
|  85|0x00000000c5500000, 0x00000000c5500000, 0x00000000c5600000|  0%| F|  |TAMS 0x00000000c5500000, 0x00000000c5500000| Untracked 
|  86|0x00000000c5600000, 0x00000000c5600000, 0x00000000c5700000|  0%| F|  |TAMS 0x00000000c5600000, 0x00000000c5600000| Untracked 
|  87|0x00000000c5700000, 0x00000000c5700000, 0x00000000c5800000|  0%| F|  |TAMS 0x00000000c5700000, 0x00000000c5700000| Untracked 
|  88|0x00000000c5800000, 0x00000000c5800000, 0x00000000c5900000|  0%| F|  |TAMS 0x00000000c5800000, 0x00000000c5800000| Untracked 
|  89|0x00000000c5900000, 0x00000000c5900000, 0x00000000c5a00000|  0%| F|  |TAMS 0x00000000c5900000, 0x00000000c5900000| Untracked 
|  90|0x00000000c5a00000, 0x00000000c5a00000, 0x00000000c5b00000|  0%| F|  |TAMS 0x00000000c5a00000, 0x00000000c5a00000| Untracked 
|  91|0x00000000c5b00000, 0x00000000c5b00000, 0x00000000c5c00000|  0%| F|  |TAMS 0x00000000c5b00000, 0x00000000c5b00000| Untracked 
|  92|0x00000000c5c00000, 0x00000000c5c00000, 0x00000000c5d00000|  0%| F|  |TAMS 0x00000000c5c00000, 0x00000000c5c00000| Untracked 
|  93|0x00000000c5d00000, 0x00000000c5d00000, 0x00000000c5e00000|  0%| F|  |TAMS 0x00000000c5d00000, 0x00000000c5d00000| Untracked 
|  94|0x00000000c5e00000, 0x00000000c5e00000, 0x00000000c5f00000|  0%| F|  |TAMS 0x00000000c5e00000, 0x00000000c5e00000| Untracked 
|  95|0x00000000c5f00000, 0x00000000c5f00000, 0x00000000c6000000|  0%| F|  |TAMS 0x00000000c5f00000, 0x00000000c5f00000| Untracked 
|  96|0x00000000c6000000, 0x00000000c6000000, 0x00000000c6100000|  0%| F|  |TAMS 0x00000000c6000000, 0x00000000c6000000| Untracked 
|  97|0x00000000c6100000, 0x00000000c6100000, 0x00000000c6200000|  0%| F|  |TAMS 0x00000000c6100000, 0x00000000c6100000| Untracked 
|  98|0x00000000c6200000, 0x00000000c6200000, 0x00000000c6300000|  0%| F|  |TAMS 0x00000000c6200000, 0x00000000c6200000| Untracked 
|  99|0x00000000c6300000, 0x00000000c6300000, 0x00000000c6400000|  0%| F|  |TAMS 0x00000000c6300000, 0x00000000c6300000| Untracked 
| 100|0x00000000c6400000, 0x00000000c6400000, 0x00000000c6500000|  0%| F|  |TAMS 0x00000000c6400000, 0x00000000c6400000| Untracked 
| 101|0x00000000c6500000, 0x00000000c6500000, 0x00000000c6600000|  0%| F|  |TAMS 0x00000000c6500000, 0x00000000c6500000| Untracked 
| 102|0x00000000c6600000, 0x00000000c6600000, 0x00000000c6700000|  0%| F|  |TAMS 0x00000000c6600000, 0x00000000c6600000| Untracked 
| 103|0x00000000c6700000, 0x00000000c6700000, 0x00000000c6800000|  0%| F|  |TAMS 0x00000000c6700000, 0x00000000c6700000| Untracked 
| 104|0x00000000c6800000, 0x00000000c6800000, 0x00000000c6900000|  0%| F|  |TAMS 0x00000000c6800000, 0x00000000c6800000| Untracked 
| 105|0x00000000c6900000, 0x00000000c6900000, 0x00000000c6a00000|  0%| F|  |TAMS 0x00000000c6900000, 0x00000000c6900000| Untracked 
| 106|0x00000000c6a00000, 0x00000000c6a00000, 0x00000000c6b00000|  0%| F|  |TAMS 0x00000000c6a00000, 0x00000000c6a00000| Untracked 
| 107|0x00000000c6b00000, 0x00000000c6b00000, 0x00000000c6c00000|  0%| F|  |TAMS 0x00000000c6b00000, 0x00000000c6b00000| Untracked 
| 108|0x00000000c6c00000, 0x00000000c6c00000, 0x00000000c6d00000|  0%| F|  |TAMS 0x00000000c6c00000, 0x00000000c6c00000| Untracked 
| 109|0x00000000c6d00000, 0x00000000c6d00000, 0x00000000c6e00000|  0%| F|  |TAMS 0x00000000c6d00000, 0x00000000c6d00000| Untracked 
| 110|0x00000000c6e00000, 0x00000000c6e00000, 0x00000000c6f00000|  0%| F|  |TAMS 0x00000000c6e00000, 0x00000000c6e00000| Untracked 
| 111|0x00000000c6f00000, 0x00000000c6f00000, 0x00000000c7000000|  0%| F|  |TAMS 0x00000000c6f00000, 0x00000000c6f00000| Untracked 
| 112|0x00000000c7000000, 0x00000000c7000000, 0x00000000c7100000|  0%| F|  |TAMS 0x00000000c7000000, 0x00000000c7000000| Untracked 
| 113|0x00000000c7100000, 0x00000000c7100000, 0x00000000c7200000|  0%| F|  |TAMS 0x00000000c7100000, 0x00000000c7100000| Untracked 
| 114|0x00000000c7200000, 0x00000000c7200000, 0x00000000c7300000|  0%| F|  |TAMS 0x00000000c7200000, 0x00000000c7200000| Untracked 
| 115|0x00000000c7300000, 0x00000000c7300000, 0x00000000c7400000|  0%| F|  |TAMS 0x00000000c7300000, 0x00000000c7300000| Untracked 
| 116|0x00000000c7400000, 0x00000000c7400000, 0x00000000c7500000|  0%| F|  |TAMS 0x00000000c7400000, 0x00000000c7400000| Untracked 
| 117|0x00000000c7500000, 0x00000000c7500000, 0x00000000c7600000|  0%| F|  |TAMS 0x00000000c7500000, 0x00000000c7500000| Untracked 
| 118|0x00000000c7600000, 0x00000000c7600000, 0x00000000c7700000|  0%| F|  |TAMS 0x00000000c7600000, 0x00000000c7600000| Untracked 
| 119|0x00000000c7700000, 0x00000000c7700000, 0x00000000c7800000|  0%| F|  |TAMS 0x00000000c7700000, 0x00000000c7700000| Untracked 
| 120|0x00000000c7800000, 0x00000000c7800000, 0x00000000c7900000|  0%| F|  |TAMS 0x00000000c7800000, 0x00000000c7800000| Untracked 
| 121|0x00000000c7900000, 0x00000000c7900000, 0x00000000c7a00000|  0%| F|  |TAMS 0x00000000c7900000, 0x00000000c7900000| Untracked 
| 122|0x00000000c7a00000, 0x00000000c7a00000, 0x00000000c7b00000|  0%| F|  |TAMS 0x00000000c7a00000, 0x00000000c7a00000| Untracked 
| 123|0x00000000c7b00000, 0x00000000c7b00000, 0x00000000c7c00000|  0%| F|  |TAMS 0x00000000c7b00000, 0x00000000c7b00000| Untracked 
| 124|0x00000000c7c00000, 0x00000000c7c00000, 0x00000000c7d00000|  0%| F|  |TAMS 0x00000000c7c00000, 0x00000000c7c00000| Untracked 
| 125|0x00000000c7d00000, 0x00000000c7d74f40, 0x00000000c7e00000| 45%| S|CS|TAMS 0x00000000c7d00000, 0x00000000c7d00000| Complete 
| 126|0x00000000c7e00000, 0x00000000c7f00000, 0x00000000c7f00000|100%| S|CS|TAMS 0x00000000c7e00000, 0x00000000c7e00000| Complete 
| 127|0x00000000c7f00000, 0x00000000c8000000, 0x00000000c8000000|100%| S|CS|TAMS 0x00000000c7f00000, 0x00000000c7f00000| Complete 
| 128|0x00000000c8000000, 0x00000000c8100000, 0x00000000c8100000|100%| S|CS|TAMS 0x00000000c8000000, 0x00000000c8000000| Complete 
| 129|0x00000000c8100000, 0x00000000c8200000, 0x00000000c8200000|100%| S|CS|TAMS 0x00000000c8100000, 0x00000000c8100000| Complete 
| 130|0x00000000c8200000, 0x00000000c8300000, 0x00000000c8300000|100%| S|CS|TAMS 0x00000000c8200000, 0x00000000c8200000| Complete 
| 131|0x00000000c8300000, 0x00000000c8400000, 0x00000000c8400000|100%| S|CS|TAMS 0x00000000c8300000, 0x00000000c8300000| Complete 
| 132|0x00000000c8400000, 0x00000000c8500000, 0x00000000c8500000|100%| S|CS|TAMS 0x00000000c8400000, 0x00000000c8400000| Complete 
| 133|0x00000000c8500000, 0x00000000c8600000, 0x00000000c8600000|100%| S|CS|TAMS 0x00000000c8500000, 0x00000000c8500000| Complete 
| 134|0x00000000c8600000, 0x00000000c8600000, 0x00000000c8700000|  0%| F|  |TAMS 0x00000000c8600000, 0x00000000c8600000| Untracked 
| 135|0x00000000c8700000, 0x00000000c8700000, 0x00000000c8800000|  0%| F|  |TAMS 0x00000000c8700000, 0x00000000c8700000| Untracked 
| 136|0x00000000c8800000, 0x00000000c8800000, 0x00000000c8900000|  0%| F|  |TAMS 0x00000000c8800000, 0x00000000c8800000| Untracked 
| 137|0x00000000c8900000, 0x00000000c8900000, 0x00000000c8a00000|  0%| F|  |TAMS 0x00000000c8900000, 0x00000000c8900000| Untracked 
| 138|0x00000000c8a00000, 0x00000000c8a00000, 0x00000000c8b00000|  0%| F|  |TAMS 0x00000000c8a00000, 0x00000000c8a00000| Untracked 
| 139|0x00000000c8b00000, 0x00000000c8b00000, 0x00000000c8c00000|  0%| F|  |TAMS 0x00000000c8b00000, 0x00000000c8b00000| Untracked 
| 140|0x00000000c8c00000, 0x00000000c8c00000, 0x00000000c8d00000|  0%| F|  |TAMS 0x00000000c8c00000, 0x00000000c8c00000| Untracked 
| 141|0x00000000c8d00000, 0x00000000c8d00000, 0x00000000c8e00000|  0%| F|  |TAMS 0x00000000c8d00000, 0x00000000c8d00000| Untracked 
| 142|0x00000000c8e00000, 0x00000000c8e00000, 0x00000000c8f00000|  0%| F|  |TAMS 0x00000000c8e00000, 0x00000000c8e00000| Untracked 
| 143|0x00000000c8f00000, 0x00000000c8f00000, 0x00000000c9000000|  0%| F|  |TAMS 0x00000000c8f00000, 0x00000000c8f00000| Untracked 
| 144|0x00000000c9000000, 0x00000000c9000000, 0x00000000c9100000|  0%| F|  |TAMS 0x00000000c9000000, 0x00000000c9000000| Untracked 
| 145|0x00000000c9100000, 0x00000000c9100000, 0x00000000c9200000|  0%| F|  |TAMS 0x00000000c9100000, 0x00000000c9100000| Untracked 
| 146|0x00000000c9200000, 0x00000000c9200000, 0x00000000c9300000|  0%| F|  |TAMS 0x00000000c9200000, 0x00000000c9200000| Untracked 
| 147|0x00000000c9300000, 0x00000000c9300000, 0x00000000c9400000|  0%| F|  |TAMS 0x00000000c9300000, 0x00000000c9300000| Untracked 
| 148|0x00000000c9400000, 0x00000000c9400000, 0x00000000c9500000|  0%| F|  |TAMS 0x00000000c9400000, 0x00000000c9400000| Untracked 
| 149|0x00000000c9500000, 0x00000000c9500000, 0x00000000c9600000|  0%| F|  |TAMS 0x00000000c9500000, 0x00000000c9500000| Untracked 
| 150|0x00000000c9600000, 0x00000000c9600000, 0x00000000c9700000|  0%| F|  |TAMS 0x00000000c9600000, 0x00000000c9600000| Untracked 
| 151|0x00000000c9700000, 0x00000000c9700000, 0x00000000c9800000|  0%| F|  |TAMS 0x00000000c9700000, 0x00000000c9700000| Untracked 
| 152|0x00000000c9800000, 0x00000000c9800000, 0x00000000c9900000|  0%| F|  |TAMS 0x00000000c9800000, 0x00000000c9800000| Untracked 
| 153|0x00000000c9900000, 0x00000000c9900000, 0x00000000c9a00000|  0%| F|  |TAMS 0x00000000c9900000, 0x00000000c9900000| Untracked 
| 154|0x00000000c9a00000, 0x00000000c9a00000, 0x00000000c9b00000|  0%| F|  |TAMS 0x00000000c9a00000, 0x00000000c9a00000| Untracked 
| 155|0x00000000c9b00000, 0x00000000c9b00000, 0x00000000c9c00000|  0%| F|  |TAMS 0x00000000c9b00000, 0x00000000c9b00000| Untracked 
| 156|0x00000000c9c00000, 0x00000000c9c00000, 0x00000000c9d00000|  0%| F|  |TAMS 0x00000000c9c00000, 0x00000000c9c00000| Untracked 
| 157|0x00000000c9d00000, 0x00000000c9d00000, 0x00000000c9e00000|  0%| F|  |TAMS 0x00000000c9d00000, 0x00000000c9d00000| Untracked 
| 158|0x00000000c9e00000, 0x00000000c9e00000, 0x00000000c9f00000|  0%| F|  |TAMS 0x00000000c9e00000, 0x00000000c9e00000| Untracked 
| 159|0x00000000c9f00000, 0x00000000c9f00000, 0x00000000ca000000|  0%| F|  |TAMS 0x00000000c9f00000, 0x00000000c9f00000| Untracked 
| 160|0x00000000ca000000, 0x00000000ca000000, 0x00000000ca100000|  0%| F|  |TAMS 0x00000000ca000000, 0x00000000ca000000| Untracked 
| 161|0x00000000ca100000, 0x00000000ca100000, 0x00000000ca200000|  0%| F|  |TAMS 0x00000000ca100000, 0x00000000ca100000| Untracked 
| 162|0x00000000ca200000, 0x00000000ca200000, 0x00000000ca300000|  0%| F|  |TAMS 0x00000000ca200000, 0x00000000ca200000| Untracked 
| 163|0x00000000ca300000, 0x00000000ca300000, 0x00000000ca400000|  0%| F|  |TAMS 0x00000000ca300000, 0x00000000ca300000| Untracked 
| 164|0x00000000ca400000, 0x00000000ca400000, 0x00000000ca500000|  0%| F|  |TAMS 0x00000000ca400000, 0x00000000ca400000| Untracked 
| 165|0x00000000ca500000, 0x00000000ca500000, 0x00000000ca600000|  0%| F|  |TAMS 0x00000000ca500000, 0x00000000ca500000| Untracked 
| 166|0x00000000ca600000, 0x00000000ca600000, 0x00000000ca700000|  0%| F|  |TAMS 0x00000000ca600000, 0x00000000ca600000| Untracked 
| 167|0x00000000ca700000, 0x00000000ca700000, 0x00000000ca800000|  0%| F|  |TAMS 0x00000000ca700000, 0x00000000ca700000| Untracked 
| 168|0x00000000ca800000, 0x00000000ca800000, 0x00000000ca900000|  0%| F|  |TAMS 0x00000000ca800000, 0x00000000ca800000| Untracked 
| 169|0x00000000ca900000, 0x00000000ca900000, 0x00000000caa00000|  0%| F|  |TAMS 0x00000000ca900000, 0x00000000ca900000| Untracked 
| 170|0x00000000caa00000, 0x00000000caa00000, 0x00000000cab00000|  0%| F|  |TAMS 0x00000000caa00000, 0x00000000caa00000| Untracked 
| 171|0x00000000cab00000, 0x00000000cab00000, 0x00000000cac00000|  0%| F|  |TAMS 0x00000000cab00000, 0x00000000cab00000| Untracked 
| 172|0x00000000cac00000, 0x00000000cac00000, 0x00000000cad00000|  0%| F|  |TAMS 0x00000000cac00000, 0x00000000cac00000| Untracked 
| 173|0x00000000cad00000, 0x00000000cad00000, 0x00000000cae00000|  0%| F|  |TAMS 0x00000000cad00000, 0x00000000cad00000| Untracked 
| 174|0x00000000cae00000, 0x00000000cae00000, 0x00000000caf00000|  0%| F|  |TAMS 0x00000000cae00000, 0x00000000cae00000| Untracked 
| 175|0x00000000caf00000, 0x00000000caf00000, 0x00000000cb000000|  0%| F|  |TAMS 0x00000000caf00000, 0x00000000caf00000| Untracked 
| 176|0x00000000cb000000, 0x00000000cb000000, 0x00000000cb100000|  0%| F|  |TAMS 0x00000000cb000000, 0x00000000cb000000| Untracked 
| 177|0x00000000cb100000, 0x00000000cb100000, 0x00000000cb200000|  0%| F|  |TAMS 0x00000000cb100000, 0x00000000cb100000| Untracked 
| 178|0x00000000cb200000, 0x00000000cb200000, 0x00000000cb300000|  0%| F|  |TAMS 0x00000000cb200000, 0x00000000cb200000| Untracked 
| 179|0x00000000cb300000, 0x00000000cb300000, 0x00000000cb400000|  0%| F|  |TAMS 0x00000000cb300000, 0x00000000cb300000| Untracked 
| 180|0x00000000cb400000, 0x00000000cb400000, 0x00000000cb500000|  0%| F|  |TAMS 0x00000000cb400000, 0x00000000cb400000| Untracked 
| 181|0x00000000cb500000, 0x00000000cb500000, 0x00000000cb600000|  0%| F|  |TAMS 0x00000000cb500000, 0x00000000cb500000| Untracked 
| 182|0x00000000cb600000, 0x00000000cb600000, 0x00000000cb700000|  0%| F|  |TAMS 0x00000000cb600000, 0x00000000cb600000| Untracked 
| 183|0x00000000cb700000, 0x00000000cb700000, 0x00000000cb800000|  0%| F|  |TAMS 0x00000000cb700000, 0x00000000cb700000| Untracked 
| 184|0x00000000cb800000, 0x00000000cb800000, 0x00000000cb900000|  0%| F|  |TAMS 0x00000000cb800000, 0x00000000cb800000| Untracked 
| 185|0x00000000cb900000, 0x00000000cb900000, 0x00000000cba00000|  0%| F|  |TAMS 0x00000000cb900000, 0x00000000cb900000| Untracked 
| 186|0x00000000cba00000, 0x00000000cba00000, 0x00000000cbb00000|  0%| F|  |TAMS 0x00000000cba00000, 0x00000000cba00000| Untracked 
| 187|0x00000000cbb00000, 0x00000000cbb00000, 0x00000000cbc00000|  0%| F|  |TAMS 0x00000000cbb00000, 0x00000000cbb00000| Untracked 
| 188|0x00000000cbc00000, 0x00000000cbc00000, 0x00000000cbd00000|  0%| F|  |TAMS 0x00000000cbc00000, 0x00000000cbc00000| Untracked 
| 189|0x00000000cbd00000, 0x00000000cbd00000, 0x00000000cbe00000|  0%| F|  |TAMS 0x00000000cbd00000, 0x00000000cbd00000| Untracked 
| 190|0x00000000cbe00000, 0x00000000cbe00000, 0x00000000cbf00000|  0%| F|  |TAMS 0x00000000cbe00000, 0x00000000cbe00000| Untracked 
| 191|0x00000000cbf00000, 0x00000000cbf00000, 0x00000000cc000000|  0%| F|  |TAMS 0x00000000cbf00000, 0x00000000cbf00000| Untracked 
| 192|0x00000000cc000000, 0x00000000cc000000, 0x00000000cc100000|  0%| F|  |TAMS 0x00000000cc000000, 0x00000000cc000000| Untracked 
| 193|0x00000000cc100000, 0x00000000cc100000, 0x00000000cc200000|  0%| F|  |TAMS 0x00000000cc100000, 0x00000000cc100000| Untracked 
| 194|0x00000000cc200000, 0x00000000cc200000, 0x00000000cc300000|  0%| F|  |TAMS 0x00000000cc200000, 0x00000000cc200000| Untracked 
| 195|0x00000000cc300000, 0x00000000cc300000, 0x00000000cc400000|  0%| F|  |TAMS 0x00000000cc300000, 0x00000000cc300000| Untracked 
| 196|0x00000000cc400000, 0x00000000cc400000, 0x00000000cc500000|  0%| F|  |TAMS 0x00000000cc400000, 0x00000000cc400000| Untracked 
| 197|0x00000000cc500000, 0x00000000cc500000, 0x00000000cc600000|  0%| F|  |TAMS 0x00000000cc500000, 0x00000000cc500000| Untracked 
| 198|0x00000000cc600000, 0x00000000cc600000, 0x00000000cc700000|  0%| F|  |TAMS 0x00000000cc600000, 0x00000000cc600000| Untracked 
| 199|0x00000000cc700000, 0x00000000cc700000, 0x00000000cc800000|  0%| F|  |TAMS 0x00000000cc700000, 0x00000000cc700000| Untracked 
| 200|0x00000000cc800000, 0x00000000cc800000, 0x00000000cc900000|  0%| F|  |TAMS 0x00000000cc800000, 0x00000000cc800000| Untracked 
| 201|0x00000000cc900000, 0x00000000cc900000, 0x00000000cca00000|  0%| F|  |TAMS 0x00000000cc900000, 0x00000000cc900000| Untracked 
| 202|0x00000000cca00000, 0x00000000cca00000, 0x00000000ccb00000|  0%| F|  |TAMS 0x00000000cca00000, 0x00000000cca00000| Untracked 
| 203|0x00000000ccb00000, 0x00000000ccb00000, 0x00000000ccc00000|  0%| F|  |TAMS 0x00000000ccb00000, 0x00000000ccb00000| Untracked 
| 204|0x00000000ccc00000, 0x00000000ccc00000, 0x00000000ccd00000|  0%| F|  |TAMS 0x00000000ccc00000, 0x00000000ccc00000| Untracked 
| 205|0x00000000ccd00000, 0x00000000ccd00000, 0x00000000cce00000|  0%| F|  |TAMS 0x00000000ccd00000, 0x00000000ccd00000| Untracked 
| 206|0x00000000cce00000, 0x00000000cce00000, 0x00000000ccf00000|  0%| F|  |TAMS 0x00000000cce00000, 0x00000000cce00000| Untracked 
| 207|0x00000000ccf00000, 0x00000000ccf00000, 0x00000000cd000000|  0%| F|  |TAMS 0x00000000ccf00000, 0x00000000ccf00000| Untracked 
| 208|0x00000000cd000000, 0x00000000cd000000, 0x00000000cd100000|  0%| F|  |TAMS 0x00000000cd000000, 0x00000000cd000000| Untracked 
| 209|0x00000000cd100000, 0x00000000cd100000, 0x00000000cd200000|  0%| F|  |TAMS 0x00000000cd100000, 0x00000000cd100000| Untracked 
| 210|0x00000000cd200000, 0x00000000cd200000, 0x00000000cd300000|  0%| F|  |TAMS 0x00000000cd200000, 0x00000000cd200000| Untracked 
| 211|0x00000000cd300000, 0x00000000cd300000, 0x00000000cd400000|  0%| F|  |TAMS 0x00000000cd300000, 0x00000000cd300000| Untracked 
| 212|0x00000000cd400000, 0x00000000cd400000, 0x00000000cd500000|  0%| F|  |TAMS 0x00000000cd400000, 0x00000000cd400000| Untracked 
| 213|0x00000000cd500000, 0x00000000cd500000, 0x00000000cd600000|  0%| F|  |TAMS 0x00000000cd500000, 0x00000000cd500000| Untracked 
| 214|0x00000000cd600000, 0x00000000cd600000, 0x00000000cd700000|  0%| F|  |TAMS 0x00000000cd600000, 0x00000000cd600000| Untracked 
| 215|0x00000000cd700000, 0x00000000cd700000, 0x00000000cd800000|  0%| F|  |TAMS 0x00000000cd700000, 0x00000000cd700000| Untracked 

Card table byte_map: [0x0000027833df0000,0x0000027833ff0000] _byte_map_base: 0x00000278337f0000

Marking Bits (Prev, Next): (CMBitMap*) 0x000002782deb4c10, (CMBitMap*) 0x000002782deb4bd0
 Prev Bits: [0x00000278351f0000, 0x00000278361f0000)
 Next Bits: [0x00000278341f0000, 0x00000278351f0000)

Polling page: 0x000002782d620000

Metaspace:

Usage:
  Non-class:     35.36 MB used.
      Class:      5.11 MB used.
       Both:     40.46 MB used.

Virtual space:
  Non-class space:       40.00 MB reserved,      35.56 MB ( 89%) committed,  5 nodes.
      Class space:        1.00 GB reserved,       5.31 MB ( <1%) committed,  1 nodes.
             Both:        1.04 GB reserved,      40.88 MB (  4%) committed. 

Chunk freelists:
   Non-Class:  144.00 KB
       Class:  2.62 MB
        Both:  2.77 MB

MaxMetaspaceSize: unlimited
CompressedClassSpaceSize: 1.00 GB
Initial GC threshold: 21.00 MB
Current GC threshold: 61.38 MB
CDS: off
MetaspaceReclaimPolicy: balanced
 - commit_granule_bytes: 65536.
 - commit_granule_words: 8192.
 - virtual_space_node_default_size: 1048576.
 - enlarge_chunks_in_place: 1.
 - new_chunks_are_fully_committed: 0.
 - uncommit_free_chunks: 1.
 - use_allocation_guard: 0.
 - handle_deallocations: 1.


Internal statistics:

num_allocs_failed_limit: 6.
num_arena_births: 510.
num_arena_deaths: 0.
num_vsnodes_births: 6.
num_vsnodes_deaths: 0.
num_space_committed: 654.
num_space_uncommitted: 0.
num_chunks_returned_to_freelist: 6.
num_chunks_taken_from_freelist: 1797.
num_chunk_merges: 6.
num_chunk_splits: 1231.
num_chunks_enlarged: 905.
num_purges: 0.
num_inconsistent_stats: 0.

CodeCache: size=49152Kb used=9435Kb max_used=9435Kb free=39716Kb
 bounds [0x0000027830ae0000, 0x0000027831420000, 0x0000027833ae0000]
 total_blobs=4866 nmethods=4295 adapters=495
 compilation: enabled
              stopped_count=0, restarted_count=0
 full_count=0

Compilation events (20 events):
Event: 11.114 Thread 0x000002782de77280 4225       1       jdk.internal.jimage.decompressor.CompressedResourceHeader::getDecompressorNameOffset (5 bytes)
Event: 11.114 Thread 0x000002782de77280 nmethod 4225 0x000002783140e010 code [0x000002783140e1a0, 0x000002783140e278]
Event: 11.114 Thread 0x000002782de77280 4228       1       jdk.internal.jimage.decompressor.CompressedResourceHeader::getUncompressedSize (5 bytes)
Event: 11.115 Thread 0x000002783a81b470 nmethod 4293 0x000002783140e310 code [0x000002783140e520, 0x000002783140ea48]
Event: 11.115 Thread 0x000002783a81b470 4246       1       io.github.classgraph.Classfile$ClassContainment::<init> (20 bytes)
Event: 11.115 Thread 0x000002782de77280 nmethod 4228 0x000002783140ec90 code [0x000002783140ee20, 0x000002783140eef8]
Event: 11.115 Thread 0x000002782de77280 4288       1       jdk.internal.jimage.decompressor.ZipDecompressor::decompress (10 bytes)
Event: 11.115 Thread 0x000002783a81b470 nmethod 4246 0x000002783140ef90 code [0x000002783140f120, 0x000002783140f278]
Event: 11.115 Thread 0x000002782de77280 nmethod 4288 0x000002783140f310 code [0x000002783140f4a0, 0x000002783140f588]
Event: 11.115 Thread 0x000002783a81b470 4255       1       java.io.ByteArrayOutputStream::close (1 bytes)
Event: 11.115 Thread 0x000002782de77280 4252       1       java.util.zip.Inflater::<init> (28 bytes)
Event: 11.115 Thread 0x000002783a81b470 nmethod 4255 0x000002783140f610 code [0x000002783140f7a0, 0x000002783140f858]
Event: 11.115 Thread 0x000002783a81b470 4266       1       java.util.zip.Inflater::<init> (6 bytes)
Event: 11.115 Thread 0x000002782de77280 nmethod 4252 0x000002783140f910 code [0x000002783140fae0, 0x000002783140fe78]
Event: 11.115 Thread 0x000002782de77280 4237   !   1       nonapi.io.github.classgraph.utils.ProxyingInputStream::close (31 bytes)
Event: 11.115 Thread 0x000002783a81b470 nmethod 4266 0x0000027831410010 code [0x00000278314101e0, 0x0000027831410578]
Event: 11.115 Thread 0x000002782de77280 nmethod 4237 0x0000027831410710 code [0x00000278314108a0, 0x0000027831410a28]
Event: 11.115 Thread 0x000002783a81b470 4233       1       nonapi.io.github.classgraph.fileslice.reader.ClassfileReader::buf (5 bytes)
Event: 11.116 Thread 0x000002783a81b470 nmethod 4233 0x0000027831410b10 code [0x0000027831410ca0, 0x0000027831410d78]
Event: 11.118 Thread 0x0000027839835320 nmethod 4263 0x0000027831410e10 code [0x00000278314116a0, 0x00000278314147b8]

GC Heap History (20 events):
Event: 10.044 GC heap after
{Heap after GC invocations=14 (full 0):
 garbage-first heap   total 58368K, used 33420K [0x00000000c0000000, 0x0000000100000000)
  region size 1024K, 2 young (2048K), 2 survivors (2048K)
 Metaspace       used 37183K, committed 37632K, reserved 1081344K
  class space    used 4863K, committed 5056K, reserved 1048576K
}
Event: 10.188 GC heap before
{Heap before GC invocations=15 (full 0):
 garbage-first heap   total 70656K, used 43660K [0x00000000c0000000, 0x0000000100000000)
  region size 1024K, 13 young (13312K), 2 survivors (2048K)
 Metaspace       used 37410K, committed 37824K, reserved 1081344K
  class space    used 4889K, committed 5056K, reserved 1048576K
}
Event: 10.192 GC heap after
{Heap after GC invocations=16 (full 0):
 garbage-first heap   total 70656K, used 35263K [0x00000000c0000000, 0x0000000100000000)
  region size 1024K, 2 young (2048K), 2 survivors (2048K)
 Metaspace       used 37410K, committed 37824K, reserved 1081344K
  class space    used 4889K, committed 5056K, reserved 1048576K
}
Event: 10.210 GC heap before
{Heap before GC invocations=16 (full 0):
 garbage-first heap   total 70656K, used 36287K [0x00000000c0000000, 0x0000000100000000)
  region size 1024K, 3 young (3072K), 2 survivors (2048K)
 Metaspace       used 37476K, committed 37952K, reserved 1089536K
  class space    used 4893K, committed 5120K, reserved 1048576K
}
Event: 10.219 GC heap after
{Heap after GC invocations=17 (full 0):
 garbage-first heap   total 110592K, used 34908K [0x00000000c0000000, 0x0000000100000000)
  region size 1024K, 1 young (1024K), 1 survivors (1024K)
 Metaspace       used 37476K, committed 37952K, reserved 1089536K
  class space    used 4893K, committed 5120K, reserved 1048576K
}
Event: 10.509 GC heap before
{Heap before GC invocations=17 (full 0):
 garbage-first heap   total 110592K, used 79964K [0x00000000c0000000, 0x0000000100000000)
  region size 1024K, 45 young (46080K), 1 survivors (1024K)
 Metaspace       used 37964K, committed 38336K, reserved 1089536K
  class space    used 4937K, committed 5120K, reserved 1048576K
}
Event: 10.517 GC heap after
{Heap after GC invocations=18 (full 0):
 garbage-first heap   total 110592K, used 45465K [0x00000000c0000000, 0x0000000100000000)
  region size 1024K, 6 young (6144K), 6 survivors (6144K)
 Metaspace       used 37964K, committed 38336K, reserved 1089536K
  class space    used 4937K, committed 5120K, reserved 1048576K
}
Event: 10.788 GC heap before
{Heap before GC invocations=18 (full 0):
 garbage-first heap   total 110592K, used 75161K [0x00000000c0000000, 0x0000000100000000)
  region size 1024K, 36 young (36864K), 6 survivors (6144K)
 Metaspace       used 39370K, committed 39744K, reserved 1089536K
  class space    used 5042K, committed 5184K, reserved 1048576K
}
Event: 10.796 GC heap after
{Heap after GC invocations=19 (full 0):
 garbage-first heap   total 110592K, used 51256K [0x00000000c0000000, 0x0000000100000000)
  region size 1024K, 5 young (5120K), 5 survivors (5120K)
 Metaspace       used 39370K, committed 39744K, reserved 1089536K
  class space    used 5042K, committed 5184K, reserved 1048576K
}
Event: 10.949 GC heap before
{Heap before GC invocations=19 (full 0):
 garbage-first heap   total 110592K, used 80952K [0x00000000c0000000, 0x0000000100000000)
  region size 1024K, 33 young (33792K), 5 survivors (5120K)
 Metaspace       used 39743K, committed 40128K, reserved 1089536K
  class space    used 5105K, committed 5248K, reserved 1048576K
}
Event: 10.958 GC heap after
{Heap after GC invocations=20 (full 0):
 garbage-first heap   total 110592K, used 66028K [0x00000000c0000000, 0x0000000100000000)
  region size 1024K, 5 young (5120K), 5 survivors (5120K)
 Metaspace       used 39743K, committed 40128K, reserved 1089536K
  class space    used 5105K, committed 5248K, reserved 1048576K
}
Event: 10.972 GC heap before
{Heap before GC invocations=20 (full 0):
 garbage-first heap   total 110592K, used 69100K [0x00000000c0000000, 0x0000000100000000)
  region size 1024K, 10 young (10240K), 5 survivors (5120K)
 Metaspace       used 39912K, committed 40384K, reserved 1089536K
  class space    used 5119K, committed 5312K, reserved 1048576K
}
Event: 10.977 GC heap after
{Heap after GC invocations=21 (full 0):
 garbage-first heap   total 221184K, used 70124K [0x00000000c0000000, 0x0000000100000000)
  region size 1024K, 3 young (3072K), 3 survivors (3072K)
 Metaspace       used 39912K, committed 40384K, reserved 1089536K
  class space    used 5119K, committed 5312K, reserved 1048576K
}
Event: 11.070 GC heap before
{Heap before GC invocations=21 (full 0):
 garbage-first heap   total 221184K, used 136684K [0x00000000c0000000, 0x0000000100000000)
  region size 1024K, 68 young (69632K), 3 survivors (3072K)
 Metaspace       used 40692K, committed 41088K, reserved 1089536K
  class space    used 5175K, committed 5376K, reserved 1048576K
}
Event: 11.093 GC heap after
{Heap after GC invocations=22 (full 0):
 garbage-first heap   total 221184K, used 78316K [0x00000000c0000000, 0x0000000100000000)
  region size 1024K, 9 young (9216K), 9 survivors (9216K)
 Metaspace       used 40692K, committed 41088K, reserved 1089536K
  class space    used 5175K, committed 5376K, reserved 1048576K
}
Event: 11.131 GC heap before
{Heap before GC invocations=22 (full 0):
 garbage-first heap   total 221184K, used 141804K [0x00000000c0000000, 0x0000000100000000)
  region size 1024K, 72 young (73728K), 9 survivors (9216K)
 Metaspace       used 40981K, committed 41472K, reserved 1089536K
  class space    used 5199K, committed 5440K, reserved 1048576K
}
Event: 11.144 GC heap after
{Heap after GC invocations=23 (full 0):
 garbage-first heap   total 221184K, used 81385K [0x00000000c0000000, 0x0000000100000000)
  region size 1024K, 4 young (4096K), 4 survivors (4096K)
 Metaspace       used 40981K, committed 41472K, reserved 1089536K
  class space    used 5199K, committed 5440K, reserved 1048576K
}
Event: 11.172 GC heap before
{Heap before GC invocations=23 (full 0):
 garbage-first heap   total 221184K, used 148969K [0x00000000c0000000, 0x0000000100000000)
  region size 1024K, 71 young (72704K), 4 survivors (4096K)
 Metaspace       used 41151K, committed 41600K, reserved 1089536K
  class space    used 5214K, committed 5440K, reserved 1048576K
}
Event: 11.175 GC heap after
{Heap after GC invocations=24 (full 0):
 garbage-first heap   total 221184K, used 83639K [0x00000000c0000000, 0x0000000100000000)
  region size 1024K, 6 young (6144K), 6 survivors (6144K)
 Metaspace       used 41151K, committed 41600K, reserved 1089536K
  class space    used 5214K, committed 5440K, reserved 1048576K
}
Event: 11.232 GC heap before
{Heap before GC invocations=24 (full 0):
 garbage-first heap   total 221184K, used 160439K [0x00000000c0000000, 0x0000000100000000)
  region size 1024K, 82 young (83968K), 6 survivors (6144K)
 Metaspace       used 41431K, committed 41856K, reserved 1089536K
  class space    used 5227K, committed 5440K, reserved 1048576K
}

Dll operation events (7 events):
Event: 0.085 Loaded shared library c:\Users\nguyen huu tri\.vscode\extensions\redhat.java-1.16.0-win32-x64\jre\17.0.6-win32-x86_64\bin\java.dll
Event: 1.047 Loaded shared library C:\Users\nguyen huu tri\.vscode\extensions\redhat.java-1.16.0-win32-x64\jre\17.0.6-win32-x86_64\bin\net.dll
Event: 1.066 Loaded shared library C:\Users\nguyen huu tri\.vscode\extensions\redhat.java-1.16.0-win32-x64\jre\17.0.6-win32-x86_64\bin\nio.dll
Event: 1.093 Loaded shared library C:\Users\nguyen huu tri\.vscode\extensions\redhat.java-1.16.0-win32-x64\jre\17.0.6-win32-x86_64\bin\zip.dll
Event: 1.992 Loaded shared library C:\Users\nguyen huu tri\.vscode\extensions\redhat.java-1.16.0-win32-x64\jre\17.0.6-win32-x86_64\bin\jimage.dll
Event: 8.814 Loaded shared library C:\Users\nguyen huu tri\.vscode\extensions\redhat.java-1.16.0-win32-x64\jre\17.0.6-win32-x86_64\bin\management.dll
Event: 8.819 Loaded shared library C:\Users\nguyen huu tri\.vscode\extensions\redhat.java-1.16.0-win32-x64\jre\17.0.6-win32-x86_64\bin\management_ext.dll

Deoptimization events (12 events):
Event: 5.892 Thread 0x000002782de76500 DEOPT PACKING pc=0x0000027830f3bc19 sp=0x000000f5739fd480
Event: 5.892 Thread 0x000002782de76500 DEOPT UNPACKING pc=0x0000027830b37143 sp=0x000000f5739fc960 mode 3
Event: 9.313 Thread 0x000002783adb2010 DEOPT PACKING pc=0x00000278311fa235 sp=0x000000f575afd410
Event: 9.313 Thread 0x000002783adb2010 DEOPT UNPACKING pc=0x0000027830b37143 sp=0x000000f575afc928 mode 3
Event: 9.343 Thread 0x000002783ad38f60 DEOPT PACKING pc=0x0000027830f3aa81 sp=0x000000f5759fdaf0
Event: 9.343 Thread 0x000002783ad38f60 DEOPT UNPACKING pc=0x0000027830b37143 sp=0x000000f5759fcf80 mode 3
Event: 9.346 Thread 0x000002783adb2010 DEOPT PACKING pc=0x0000027830f37097 sp=0x000000f575aff080
Event: 9.346 Thread 0x000002783adb2010 DEOPT UNPACKING pc=0x0000027830b37143 sp=0x000000f575afe4d8 mode 3
Event: 9.530 Thread 0x000002783ad9c990 DEOPT PACKING pc=0x000002783121792b sp=0x000000f575ffe850
Event: 9.530 Thread 0x000002783ad9c990 DEOPT UNPACKING pc=0x0000027830b37143 sp=0x000000f575ffdd98 mode 3
Event: 10.683 Thread 0x000002783adb2010 DEOPT PACKING pc=0x0000027830ee077d sp=0x000000f575afc040
Event: 10.683 Thread 0x000002783adb2010 DEOPT UNPACKING pc=0x0000027830b37143 sp=0x000000f575afb5a8 mode 3

Classes unloaded (0 events):
No events

Classes redefined (0 events):
No events

Internal exceptions (20 events):
Event: 9.634 Thread 0x000002783ad9b180 Exception <a 'sun/nio/fs/WindowsException'{0x00000000c656c708}> (0x00000000c656c708) 
thrown [s\src\hotspot\share\prims\jni.cpp, line 516]
Event: 9.878 Thread 0x000002783ad9bff0 Exception <a 'sun/nio/fs/WindowsException'{0x00000000c7d47410}> (0x00000000c7d47410) 
thrown [s\src\hotspot\share\prims\jni.cpp, line 516]
Event: 9.882 Thread 0x000002783ad9bff0 Exception <a 'sun/nio/fs/WindowsException'{0x00000000c7d49ea8}> (0x00000000c7d49ea8) 
thrown [s\src\hotspot\share\prims\jni.cpp, line 516]
Event: 9.883 Thread 0x000002783ad9b650 Exception <a 'sun/nio/fs/WindowsException'{0x00000000c67f2970}> (0x00000000c67f2970) 
thrown [s\src\hotspot\share\prims\jni.cpp, line 516]
Event: 9.883 Thread 0x000002783ad9a310 Exception <a 'sun/nio/fs/WindowsException'{0x00000000c67ad9d0}> (0x00000000c67ad9d0) 
thrown [s\src\hotspot\share\prims\jni.cpp, line 516]
Event: 9.884 Thread 0x000002783ad9b180 Exception <a 'sun/nio/fs/WindowsException'{0x00000000c6723768}> (0x00000000c6723768) 
thrown [s\src\hotspot\share\prims\jni.cpp, line 516]
Event: 9.890 Thread 0x000002783afd43f0 Exception <a 'sun/nio/fs/WindowsException'{0x00000000c67bb230}> (0x00000000c67bb230) 
thrown [s\src\hotspot\share\prims\jni.cpp, line 516]
Event: 10.745 Thread 0x000002783adb2010 Exception <a 'java/lang/NoSuchMethodError'{0x00000000c51eb8d0}: 'java.lang.Object java.lang.invoke.Invokers$Holder.invoke_MT(java.lang.Object, java.lang.Object, java.lang.Object)'> (0x00000000c51eb8d0) 
thrown [s\src\hotspot\share\interpreter\linkResolver.cpp, line 759]
Event: 10.916 Thread 0x000002783adb2010 Exception <a 'java/lang/NoSuchMethodError'{0x00000000c5837268}: 'java.lang.Object java.lang.invoke.DirectMethodHandle$Holder.newInvokeSpecial(java.lang.Object, java.lang.Object, int)'> (0x00000000c5837268) 
thrown [s\src\hotspot\share\interpreter\linkResolver.cpp, line 759]
Event: 10.999 Thread 0x000002783afd3f20 Exception <a 'sun/nio/fs/WindowsException'{0x00000000cd2a1100}> (0x00000000cd2a1100) 
thrown [s\src\hotspot\share\prims\jni.cpp, line 516]
Event: 10.999 Thread 0x000002783afd3f20 Exception <a 'sun/nio/fs/WindowsException'{0x00000000cd2a1a80}> (0x00000000cd2a1a80) 
thrown [s\src\hotspot\share\prims\jni.cpp, line 516]
Event: 10.999 Thread 0x000002783afd3f20 Exception <a 'sun/nio/fs/WindowsException'{0x00000000cd2a23c0}> (0x00000000cd2a23c0) 
thrown [s\src\hotspot\share\prims\jni.cpp, line 516]
Event: 10.999 Thread 0x000002783afd3f20 Exception <a 'sun/nio/fs/WindowsException'{0x00000000cd2a2e08}> (0x00000000cd2a2e08) 
thrown [s\src\hotspot\share\prims\jni.cpp, line 516]
Event: 10.999 Thread 0x000002783afd3f20 Exception <a 'sun/nio/fs/WindowsException'{0x00000000cd2a38f0}> (0x00000000cd2a38f0) 
thrown [s\src\hotspot\share\prims\jni.cpp, line 516]
Event: 11.000 Thread 0x000002783afd3f20 Exception <a 'sun/nio/fs/WindowsException'{0x00000000cd2aac78}> (0x00000000cd2aac78) 
thrown [s\src\hotspot\share\prims\jni.cpp, line 516]
Event: 11.000 Thread 0x000002783afd3f20 Exception <a 'sun/nio/fs/WindowsException'{0x00000000cd2ab5f8}> (0x00000000cd2ab5f8) 
thrown [s\src\hotspot\share\prims\jni.cpp, line 516]
Event: 11.000 Thread 0x000002783afd3f20 Exception <a 'sun/nio/fs/WindowsException'{0x00000000cd2abf38}> (0x00000000cd2abf38) 
thrown [s\src\hotspot\share\prims\jni.cpp, line 516]
Event: 11.000 Thread 0x000002783afd3f20 Exception <a 'sun/nio/fs/WindowsException'{0x00000000cd2ac980}> (0x00000000cd2ac980) 
thrown [s\src\hotspot\share\prims\jni.cpp, line 516]
Event: 11.000 Thread 0x000002783afd3f20 Exception <a 'sun/nio/fs/WindowsException'{0x00000000cd2ad468}> (0x00000000cd2ad468) 
thrown [s\src\hotspot\share\prims\jni.cpp, line 516]
Event: 11.007 Thread 0x000002783afd3f20 Exception <a 'sun/nio/fs/WindowsException'{0x00000000cd086550}> (0x00000000cd086550) 
thrown [s\src\hotspot\share\prims\jni.cpp, line 516]

VM Operations (20 events):
Event: 10.958 Executing VM operation: G1CollectForAllocation done
Event: 10.969 Executing VM operation: G1TryInitiateConcMark
Event: 10.977 Executing VM operation: G1TryInitiateConcMark done
Event: 11.062 Executing VM operation: HandshakeAllThreads
Event: 11.068 Executing VM operation: HandshakeAllThreads done
Event: 11.069 Executing VM operation: G1CollectForAllocation
Event: 11.070 Executing VM operation: G1CollectForAllocation done
Event: 11.070 Executing VM operation: G1CollectForAllocation
Event: 11.093 Executing VM operation: G1CollectForAllocation done
Event: 11.130 Executing VM operation: G1CollectForAllocation
Event: 11.131 Executing VM operation: G1CollectForAllocation done
Event: 11.131 Executing VM operation: G1CollectForAllocation
Event: 11.144 Executing VM operation: G1CollectForAllocation done
Event: 11.171 Executing VM operation: G1CollectForAllocation
Event: 11.172 Executing VM operation: G1CollectForAllocation done
Event: 11.172 Executing VM operation: G1CollectForAllocation
Event: 11.175 Executing VM operation: G1CollectForAllocation done
Event: 11.231 Executing VM operation: G1CollectForAllocation
Event: 11.232 Executing VM operation: G1CollectForAllocation done
Event: 11.232 Executing VM operation: G1CollectForAllocation

Events (20 events):
Event: 10.917 loading class java/util/concurrent/CompletableFuture$BiCompletion
Event: 10.917 loading class java/util/concurrent/CompletableFuture$BiCompletion done
Event: 10.917 loading class java/util/concurrent/CompletableFuture$BiRelay done
Event: 10.917 loading class java/util/concurrent/CompletableFuture$CoCompletion
Event: 10.917 loading class java/util/concurrent/CompletableFuture$CoCompletion done
Event: 10.921 Thread 0x000002783afd2710 Thread added: 0x000002783afd2710
Event: 10.958 loading class java/security/NoSuchAlgorithmException
Event: 10.958 loading class java/security/NoSuchAlgorithmException done
Event: 10.959 loading class sun/security/provider/MD5
Event: 10.959 loading class sun/security/provider/MD5 done
Event: 10.959 loading class sun/security/provider/ByteArrayAccess$LE
Event: 10.960 loading class sun/security/provider/ByteArrayAccess$LE done
Event: 10.981 loading class jdk/internal/reflect/UnsafeQualifiedObjectFieldAccessorImpl
Event: 10.982 loading class jdk/internal/reflect/UnsafeQualifiedObjectFieldAccessorImpl done
Event: 10.982 loading class jdk/internal/reflect/UnsafeQualifiedLongFieldAccessorImpl
Event: 10.982 loading class jdk/internal/reflect/UnsafeQualifiedLongFieldAccessorImpl done
Event: 11.002 loading class sun/util/ResourceBundleEnumeration
Event: 11.002 loading class sun/util/ResourceBundleEnumeration done
Event: 11.101 loading class java/lang/AbstractMethodError
Event: 11.101 loading class java/lang/AbstractMethodError done


Dynamic libraries:
0x00007ff706c20000 - 0x00007ff706c2e000 	c:\Users\nguyen huu tri\.vscode\extensions\redhat.java-1.16.0-win32-x64\jre\17.0.6-win32-x86_64\bin\java.exe
0x00007ffbeab50000 - 0x00007ffbead64000 	C:\WINDOWS\SYSTEM32\ntdll.dll
0x00007ffbea200000 - 0x00007ffbea2c3000 	C:\WINDOWS\System32\KERNEL32.DLL
0x00007ffbe8380000 - 0x00007ffbe871c000 	C:\WINDOWS\System32\KERNELBASE.dll
0x00007ffbe5140000 - 0x00007ffbe51d7000 	C:\WINDOWS\SYSTEM32\apphelp.dll
0x00007ffbe8080000 - 0x00007ffbe8191000 	C:\WINDOWS\System32\ucrtbase.dll
0x00007ffbd6d70000 - 0x00007ffbd6d87000 	c:\Users\nguyen huu tri\.vscode\extensions\redhat.java-1.16.0-win32-x64\jre\17.0.6-win32-x86_64\bin\jli.dll
0x00007ffbea410000 - 0x00007ffbea5bd000 	C:\WINDOWS\System32\USER32.dll
0x00007ffbe8050000 - 0x00007ffbe8076000 	C:\WINDOWS\System32\win32u.dll
0x00007ffbd7d30000 - 0x00007ffbd7d49000 	c:\Users\nguyen huu tri\.vscode\extensions\redhat.java-1.16.0-win32-x64\jre\17.0.6-win32-x86_64\bin\VCRUNTIME140.dll
0x00007ffbe99a0000 - 0x00007ffbe99c9000 	C:\WINDOWS\System32\GDI32.dll
0x00007ffbd4880000 - 0x00007ffbd4b0e000 	C:\WINDOWS\WinSxS\amd64_microsoft.windows.common-controls_6595b64144ccf1df_6.0.22621.608_none_a9444ca7c10bb01d\COMCTL32.dll
0x00007ffbe9cf0000 - 0x00007ffbe9d97000 	C:\WINDOWS\System32\msvcrt.dll
0x00007ffbe81a0000 - 0x00007ffbe82b3000 	C:\WINDOWS\System32\gdi32full.dll
0x00007ffbe8720000 - 0x00007ffbe87ba000 	C:\WINDOWS\System32\msvcp_win.dll
0x00007ffbea940000 - 0x00007ffbea971000 	C:\WINDOWS\System32\IMM32.DLL
0x00007ffbe50f0000 - 0x00007ffbe50fc000 	c:\Users\nguyen huu tri\.vscode\extensions\redhat.java-1.16.0-win32-x64\jre\17.0.6-win32-x86_64\bin\vcruntime140_1.dll
0x00007ffbaadd0000 - 0x00007ffbaae61000 	c:\Users\nguyen huu tri\.vscode\extensions\redhat.java-1.16.0-win32-x64\jre\17.0.6-win32-x86_64\bin\msvcp140.dll
0x00007ffb9ad30000 - 0x00007ffb9b977000 	c:\Users\nguyen huu tri\.vscode\extensions\redhat.java-1.16.0-win32-x64\jre\17.0.6-win32-x86_64\bin\server\jvm.dll
0x00007ffbe9bc0000 - 0x00007ffbe9c6e000 	C:\WINDOWS\System32\ADVAPI32.dll
0x00007ffbea5c0000 - 0x00007ffbea664000 	C:\WINDOWS\System32\sechost.dll
0x00007ffbea2d0000 - 0x00007ffbea3e5000 	C:\WINDOWS\System32\RPCRT4.dll
0x00007ffbd3030000 - 0x00007ffbd3039000 	C:\WINDOWS\SYSTEM32\WSOCK32.dll
0x00007ffbe9c70000 - 0x00007ffbe9ce1000 	C:\WINDOWS\System32\WS2_32.dll
0x00007ffbdf0a0000 - 0x00007ffbdf0d4000 	C:\WINDOWS\SYSTEM32\WINMM.dll
0x00007ffbd9e80000 - 0x00007ffbd9e8a000 	C:\WINDOWS\SYSTEM32\VERSION.dll
0x00007ffbe6fe0000 - 0x00007ffbe6ff8000 	C:\WINDOWS\SYSTEM32\kernel.appcore.dll
0x00007ffbe2dd0000 - 0x00007ffbe2dda000 	c:\Users\nguyen huu tri\.vscode\extensions\redhat.java-1.16.0-win32-x64\jre\17.0.6-win32-x86_64\bin\jimage.dll
0x00007ffbe30e0000 - 0x00007ffbe330e000 	C:\WINDOWS\SYSTEM32\DBGHELP.DLL
0x00007ffbe9e70000 - 0x00007ffbea1f9000 	C:\WINDOWS\System32\combase.dll
0x00007ffbe9a70000 - 0x00007ffbe9b47000 	C:\WINDOWS\System32\OLEAUT32.dll
0x00007ffbd6bc0000 - 0x00007ffbd6bf2000 	C:\WINDOWS\SYSTEM32\dbgcore.DLL
0x00007ffbe7f60000 - 0x00007ffbe7fdb000 	C:\WINDOWS\System32\bcryptPrimitives.dll
0x00007ffbd6200000 - 0x00007ffbd6225000 	c:\Users\nguyen huu tri\.vscode\extensions\redhat.java-1.16.0-win32-x64\jre\17.0.6-win32-x86_64\bin\java.dll
0x00007ffbd3890000 - 0x00007ffbd38a8000 	c:\Users\nguyen huu tri\.vscode\extensions\redhat.java-1.16.0-win32-x64\jre\17.0.6-win32-x86_64\bin\zip.dll
0x00007ffbe8990000 - 0x00007ffbe9180000 	C:\WINDOWS\System32\SHELL32.dll
0x00007ffbe5f20000 - 0x00007ffbe67ee000 	C:\WINDOWS\SYSTEM32\windows.storage.dll
0x00007ffbe5de0000 - 0x00007ffbe5f1e000 	C:\WINDOWS\SYSTEM32\wintypes.dll
0x00007ffbe9180000 - 0x00007ffbe9271000 	C:\WINDOWS\System32\SHCORE.dll
0x00007ffbe9280000 - 0x00007ffbe92de000 	C:\WINDOWS\System32\shlwapi.dll
0x00007ffbe7e90000 - 0x00007ffbe7eb1000 	C:\WINDOWS\SYSTEM32\profapi.dll
0x00007ffbd1250000 - 0x00007ffbd1269000 	C:\Users\nguyen huu tri\.vscode\extensions\redhat.java-1.16.0-win32-x64\jre\17.0.6-win32-x86_64\bin\net.dll
0x00007ffbe07b0000 - 0x00007ffbe08df000 	C:\WINDOWS\SYSTEM32\WINHTTP.dll
0x00007ffbe74c0000 - 0x00007ffbe7529000 	C:\WINDOWS\system32\mswsock.dll
0x00007ffbc6850000 - 0x00007ffbc6865000 	C:\Users\nguyen huu tri\.vscode\extensions\redhat.java-1.16.0-win32-x64\jre\17.0.6-win32-x86_64\bin\nio.dll
0x00007ffbe77e0000 - 0x00007ffbe77fb000 	C:\WINDOWS\SYSTEM32\CRYPTSP.dll
0x00007ffbe6f50000 - 0x00007ffbe6f85000 	C:\WINDOWS\system32\rsaenh.dll
0x00007ffbe7560000 - 0x00007ffbe7588000 	C:\WINDOWS\SYSTEM32\USERENV.dll
0x00007ffbe7910000 - 0x00007ffbe7938000 	C:\WINDOWS\SYSTEM32\bcrypt.dll
0x00007ffbe77c0000 - 0x00007ffbe77cc000 	C:\WINDOWS\SYSTEM32\CRYPTBASE.dll
0x00007ffbe6a40000 - 0x00007ffbe6a6d000 	C:\WINDOWS\SYSTEM32\IPHLPAPI.DLL
0x00007ffbe9da0000 - 0x00007ffbe9da9000 	C:\WINDOWS\System32\NSI.dll
0x00007ffbe0790000 - 0x00007ffbe07a9000 	C:\WINDOWS\SYSTEM32\dhcpcsvc6.DLL
0x00007ffbe0770000 - 0x00007ffbe078f000 	C:\WINDOWS\SYSTEM32\dhcpcsvc.DLL
0x00007ffbe6ab0000 - 0x00007ffbe6ba3000 	C:\WINDOWS\SYSTEM32\DNSAPI.dll
0x00007ffbdf9c0000 - 0x00007ffbdf9c9000 	C:\Users\nguyen huu tri\.vscode\extensions\redhat.java-1.16.0-win32-x64\jre\17.0.6-win32-x86_64\bin\management.dll
0x00007ffbd9d40000 - 0x00007ffbd9d4b000 	C:\Users\nguyen huu tri\.vscode\extensions\redhat.java-1.16.0-win32-x64\jre\17.0.6-win32-x86_64\bin\management_ext.dll
0x00007ffbea790000 - 0x00007ffbea798000 	C:\WINDOWS\System32\PSAPI.DLL

dbghelp: loaded successfully - version: 4.0.5 - missing functions: none
symbol engine: initialized successfully - sym options: 0x614 - pdb path: .;c:\Users\nguyen huu tri\.vscode\extensions\redhat.java-1.16.0-win32-x64\jre\17.0.6-win32-x86_64\bin;C:\WINDOWS\SYSTEM32;C:\WINDOWS\WinSxS\amd64_microsoft.windows.common-controls_6595b64144ccf1df_6.0.22621.608_none_a9444ca7c10bb01d;c:\Users\nguyen huu tri\.vscode\extensions\redhat.java-1.16.0-win32-x64\jre\17.0.6-win32-x86_64\bin\server

VM Arguments:
jvm_args: -XX:+HeapDumpOnOutOfMemoryError -Xmx1024m -Dsts.lsp.client=vscode -Dsts.log.file=/dev/null -XX:TieredStopAtLevel=1 -Xlog:jni+resolve=off -Dspring.config.location=file:c:\Users\nguyen huu tri\.vscode\extensions\vmware.vscode-spring-boot-1.45.0\language-server\BOOT-INF\classes\application.properties 
java_command: org.springframework.ide.vscode.boot.app.BootLanguageServerBootApp
java_class_path (initial): c:\Users\nguyen huu tri\.vscode\extensions\vmware.vscode-spring-boot-1.45.0\language-server\BOOT-INF\classes;c:\Users\nguyen huu tri\.vscode\extensions\vmware.vscode-spring-boot-1.45.0\language-server\BOOT-INF\lib\annotations-24.0.1.jar;c:\Users\nguyen huu tri\.vscode\extensions\vmware.vscode-spring-boot-1.45.0\language-server\BOOT-INF\lib\ant-1.10.13.jar;c:\Users\nguyen huu tri\.vscode\extensions\vmware.vscode-spring-boot-1.45.0\language-server\BOOT-INF\lib\ant-launcher-1.10.13.jar;c:\Users\nguyen huu tri\.vscode\extensions\vmware.vscode-spring-boot-1.45.0\language-server\BOOT-INF\lib\antlr-runtime-3.5.3.jar;c:\Users\nguyen huu tri\.vscode\extensions\vmware.vscode-spring-boot-1.45.0\language-server\BOOT-INF\lib\antlr4-4.11.1.jar;c:\Users\nguyen huu tri\.vscode\extensions\vmware.vscode-spring-boot-1.45.0\language-server\BOOT-INF\lib\antlr4-runtime-4.11.1.jar;c:\Users\nguyen huu tri\.vscode\extensions\vmware.vscode-spring-boot-1.45.0\language-server\BOOT-INF\lib\asm-9.4.jar;c:\Users\nguyen huu tri\.vscode\extensions\vmware.vscode-spring-boot-1.45.0\language-server\BOOT-INF\lib\asm-analysis-9.4.jar;c:\Users\nguyen huu tri\.vscode\extensions\vmware.vscode-spring-boot-1.45.0\language-server\BOOT-INF\lib\asm-tree-9.4.jar;c:\Users\nguyen huu tri\.vscode\extensions\vmware.vscode-spring-boot-1.45.0\language-server\BOOT-INF\lib\asm-util-9.4.jar;c:\Users\nguyen huu tri\.vscode\extensions\vmware.vscode-spring-boot-1.45.0\language-server\BOOT-INF\lib\caffeine-3.1.2.jar;c:\Users\nguyen huu tri\.vscode\extensions\vmware.vscode-spring-boot-1.45.0\language-server\BOOT-INF\lib\checker-qual-3.12.0.jar;c:\Users\nguyen huu tri\.vscode\extensions\vmware.vscode-spring-boot-1.45.0\language-server\BOOT-INF\lib\classgraph-4.8.149.jar;c:\Users\nguyen huu tri\.vscode\extensions\vmware.vscode-spring-boot-1.45.0\language-server\BOOT-INF\lib\commons-codec-1.15.jar;c:\Users\nguyen huu tri\.vscode\extensions\vmware.vscode-spring-boot-1.45.0\language-server\BOOT-INF\lib
Launcher Type: SUN_STANDARD

[Global flags]
     intx CICompilerCount                          = 4                                         {product} {ergonomic}
     uint ConcGCThreads                            = 2                                         {product} {ergonomic}
     uint G1ConcRefinementThreads                  = 8                                         {product} {ergonomic}
   size_t G1HeapRegionSize                         = 1048576                                   {product} {ergonomic}
    uintx GCDrainStackTargetSize                   = 64                                        {product} {ergonomic}
     bool HeapDumpOnOutOfMemoryError               = true                                   {manageable} {command line}
   size_t InitialHeapSize                          = 132120576                                 {product} {ergonomic}
   size_t MarkStackSize                            = 4194304                                   {product} {ergonomic}
   size_t MaxHeapSize                              = 1073741824                                {product} {command line}
   size_t MaxNewSize                               = 643825664                                 {product} {ergonomic}
   size_t MinHeapDeltaBytes                        = 1048576                                   {product} {ergonomic}
   size_t MinHeapSize                              = 8388608                                   {product} {ergonomic}
    uintx NonProfiledCodeHeapSize                  = 0                                      {pd product} {ergonomic}
     bool ProfileInterpreter                       = false                                  {pd product} {command line}
    uintx ProfiledCodeHeapSize                     = 0                                      {pd product} {ergonomic}
   size_t SoftMaxHeapSize                          = 1073741824                             {manageable} {ergonomic}
     intx TieredStopAtLevel                        = 1                                         {product} {command line}
     bool UseCompressedClassPointers               = true                           {product lp64_product} {ergonomic}
     bool UseCompressedOops                        = true                           {product lp64_product} {ergonomic}
     bool UseG1GC                                  = true                                      {product} {ergonomic}
     bool UseLargePagesIndividualAllocation        = false                                  {pd product} {ergonomic}

Logging:
Log output configuration:
 #0: stdout all=warning,jni+resolve=off uptime,level,tags
 #1: stderr all=off uptime,level,tags

Environment Variables:
JAVA_HOME=C:\Program Files\OpenJDK\jdk-17.0.6
PATH=C:\Program Files\Microsoft MPI\Bin\;C:\Python310\Scripts\;C:\Python310\;C:\Python38\Scripts\;C:\Python38\;C:\WINDOWS\system32;C:\WINDOWS;C:\WINDOWS\System32\Wbem;C:\WINDOWS\System32\WindowsPowerShell\v1.0\;C:\WINDOWS\System32\OpenSSH\;C:\ProgramData\chocolatey\bin;C:\Program Files (x86)\Yarn\bin\;C:\Program Files\dotnet\;C:\Program Files\Microsoft SQL Server\130\Tools\Binn\;C:\Program Files\Microsoft SQL Server\Client SDK\ODBC\170\Tools\Binn\;C:\Program Files (x86)\Microsoft SQL Server\150\Tools\Binn\;C:\Program Files\Microsoft SQL Server\150\Tools\Binn\;C:\Program Files (x86)\Microsoft SQL Server\150\DTS\Binn\;C:\Program Files\Microsoft SQL Server\150\DTS\Binn\;C:\Program Files\Azure Data Studio\bin;C:\Program Files (x86)\dotnet\;C:\Program Files\Go\bin;C:\Program Files\Docker\Docker\resources\bin;C:\ProgramData\DockerDesktop\version-bin;C:\Users\nguyen huu tri\AppData\Roaming\nvm;C:\Program Files\nodejs;C:\Program Files\Microsoft\Web Platform Installer\;D:\apache-maven-3.8.6\bin;C:\Program Files\OpenJDK\jdk-17.0.6\bin;C:\Program Files\Git\cmd;C:\Users\nguyen huu tri\AppData\Local\Microsoft\WindowsApps;C:\Users\nguyen huu tri\AppData\Local\Programs\Microsoft VS Code\bin;C:\Users\nguyen huu tri\AppData\Local\Yarn\bin;C:\Users\nguyen huu tri\.dotnet\tools;C:\Program Files\Azure Data Studio\bin;C:\Users\nguyen huu tri\go\bin;C:\Users\nguyen huu tri\AppData\Roaming\nvm;C:\Program Files\nodejs;C:\Users\nguyen huu tri\AppData\Local\JetBrains\Toolbox\scripts;
USERNAME=nguyen huu tri
OS=Windows_NT
PROCESSOR_IDENTIFIER=Intel64 Family 6 Model 142 Stepping 10, GenuineIntel
TMP=C:\Users\NGUYEN~1\AppData\Local\Temp
TEMP=C:\Users\NGUYEN~1\AppData\Local\Temp



---------------  S Y S T E M  ---------------

OS:
 Windows 11 , 64 bit Build 22621 (10.0.22621.1344)
OS uptime: 20 days 2:39 hours
Hyper-V role detected

CPU: total 8 (initial active 8) (4 cores per cpu, 2 threads per core) family 6 model 142 stepping 10 microcode 0xe0, cx8, cmov, fxsr, ht, mmx, 3dnowpref, sse, sse2, sse3, ssse3, sse4.1, sse4.2, popcnt, lzcnt, tsc, tscinvbit, avx, avx2, aes, erms, clmul, bmi1, bmi2, adx, fma, vzeroupper, clflush, clflushopt, hv

Memory: 4k page, system-wide physical 8052M (200M free)
TotalPageFile size 32628M (AvailPageFile size 152M)
current process WorkingSet (physical memory assigned to process): 311M, peak: 311M
current process commit charge ("private bytes"): 367M, peak: 591M

vm_info: OpenJDK 64-Bit Server VM (17.0.6+10) for windows-amd64 JRE (17.0.6+10), built on Jan 18 2023 10:08:59 by "temurin" with MS VC++ 16.7 (VS2019)

END.
