#
# There is insufficient memory for the Java Runtime Environment to continue.
# Native memory allocation (mmap) failed to map 67108864 bytes for G1 virtual space
# Possible reasons:
#   The system is out of physical RAM or swap space
#   The process is running with CompressedOops enabled, and the Java Heap may be blocking the growth of the native heap
# Possible solutions:
#   Reduce memory load on the system
#   Increase physical memory or swap space
#   Check if swap backing store is full
#   Decrease Java heap size (-Xmx/-Xms)
#   Decrease number of Java threads
#   Decrease Java thread stack sizes (-Xss)
#   Set larger code cache with -XX:ReservedCodeCacheSize=
#   JVM is running with Unscaled Compressed Oops mode in which the Java heap is
#     placed in the first 4GB address space. The Java Heap base address is the
#     maximum limit for the native heap growth. Please use -XX:HeapBaseMinAddress
#     to set the Java Heap base and to place the Java Heap above 4GB virtual address.
# This output file may be truncated or incomplete.
#
#  Out of Memory Error (os_windows.cpp:3550), pid=17436, tid=6068
#
# JRE version:  (17.0.6+9) (build )
# Java VM: Java HotSpot(TM) 64-Bit Server VM (17.0.6+9-LTS-190, mixed mode, sharing, tiered, compressed oops, compressed class ptrs, g1 gc, windows-amd64)
# No core dump will be written. Minidumps are not enabled by default on client versions of Windows
#

---------------  S U M M A R Y ------------

Command Line: -DwatchParentProcess=false -XX:+ExitOnOutOfMemoryError -XX:+HeapDumpOnOutOfMemoryError -XX:HeapDumpPath=c:\Users\nguyen huu tri\AppData\Roaming\Code\User\globalStorage\redhat.vscode-xml -Xmx64M org.eclipse.lemminx.XMLServerLauncher

Host: Intel(R) Core(TM) i5-8250U CPU @ 1.60GHz, 8 cores, 7G,  Windows 11 , 64 bit Build 22621 (10.0.22621.1344)
Time: Thu Apr  6 19:58:08 2023 SE Asia Standard Time elapsed time: 0.047160 seconds (0d 0h 0m 0s)

---------------  T H R E A D  ---------------

Current thread (0x000002b33719e9d0):  JavaThread "Unknown thread" [_thread_in_vm, id=6068, stack(0x000000dcea000000,0x000000dcea100000)]

Stack: [0x000000dcea000000,0x000000dcea100000]
Native frames: (J=compiled Java code, j=interpreted, Vv=VM code, C=native code)
V  [jvm.dll+0x6734ea]
V  [jvm.dll+0x7d18f4]
V  [jvm.dll+0x7d309e]
V  [jvm.dll+0x7d3703]
V  [jvm.dll+0x2433c5]
V  [jvm.dll+0x6703f9]
V  [jvm.dll+0x664d32]
V  [jvm.dll+0x300086]
V  [jvm.dll+0x307606]
V  [jvm.dll+0x356c1e]
V  [jvm.dll+0x356e4f]
V  [jvm.dll+0x2d72e8]
V  [jvm.dll+0x2d8254]
V  [jvm.dll+0x7a33b1]
V  [jvm.dll+0x3647f1]
V  [jvm.dll+0x782839]
V  [jvm.dll+0x3e757f]
V  [jvm.dll+0x3e9001]
C  [jli.dll+0x5297]
C  [ucrtbase.dll+0x29363]
C  [KERNEL32.DLL+0x126bd]
C  [ntdll.dll+0x5a9f8]


---------------  P R O C E S S  ---------------

Threads class SMR info:
_java_thread_list=0x00007ffb9c42e958, length=0, elements={
}

Java Threads: ( => current thread )

Other Threads:
  0x000002b3371c0a20 GCTaskThread "GC Thread#0" [stack: 0x000000dcea100000,0x000000dcea200000] [id=10024]
  0x000002b3371c3170 ConcurrentGCThread "G1 Main Marker" [stack: 0x000000dcea200000,0x000000dcea300000] [id=23584]
  0x000002b3371c3b80 ConcurrentGCThread "G1 Conc#0" [stack: 0x000000dcea300000,0x000000dcea400000] [id=22332]

[error occurred during error reporting (printing all threads), id 0xc0000005, EXCEPTION_ACCESS_VIOLATION (0xc0000005) at pc=0x00007ffb9bc67f07]

VM state: not at safepoint (not fully initialized)

VM Mutex/Monitor currently owned by a thread:  ([mutex/lock_event])
[0x000002b3371990a0] Heap_lock - owner thread: 0x000002b33719e9d0

Heap address: 0x00000000fc000000, size: 64 MB, Compressed Oops mode: 32-bit

CDS archive(s) mapped at: [0x0000000000000000-0x0000000000000000-0x0000000000000000), size 0, SharedBaseAddress: 0x0000000800000000, ArchiveRelocationMode: 0.
Narrow klass base: 0x0000000000000000, Narrow klass shift: 0, Narrow klass range: 0x0

GC Precious Log:
<Empty>

Heap:
 garbage-first heap   total 0K, used 0K [0x00000000fc000000, 0x0000000100000000)
  region size 1024K, 0 young (0K), 0 survivors (0K)

[error occurred during error reporting (printing heap information), id 0xc0000005, EXCEPTION_ACCESS_VIOLATION (0xc0000005) at pc=0x00007ffb9c04c759]

GC Heap History (0 events):
No events

Deoptimization events (0 events):
No events

Classes unloaded (0 events):
No events

Classes redefined (0 events):
No events

Internal exceptions (0 events):
No events

VM Operations (0 events):
No events

Events (1 events):
Event: 0.031 Loaded shared library C:\Program Files\OpenJDK\jdk-17.0.6\bin\java.dll


Dynamic libraries:
0x00007ff640e70000 - 0x00007ff640e80000 	C:\Program Files\OpenJDK\jdk-17.0.6\bin\java.exe
0x00007ffbeab50000 - 0x00007ffbead64000 	C:\WINDOWS\SYSTEM32\ntdll.dll
0x00007ffbea200000 - 0x00007ffbea2c3000 	C:\WINDOWS\System32\KERNEL32.DLL
0x00007ffbe8380000 - 0x00007ffbe871c000 	C:\WINDOWS\System32\KERNELBASE.dll
0x00007ffbe5140000 - 0x00007ffbe51d7000 	C:\WINDOWS\SYSTEM32\apphelp.dll
0x00007ffbe8080000 - 0x00007ffbe8191000 	C:\WINDOWS\System32\ucrtbase.dll
0x00007ffbd5bc0000 - 0x00007ffbd5bdb000 	C:\Program Files\OpenJDK\jdk-17.0.6\bin\VCRUNTIME140.dll
0x00007ffbd6ed0000 - 0x00007ffbd6ee8000 	C:\Program Files\OpenJDK\jdk-17.0.6\bin\jli.dll
0x00007ffbe9bc0000 - 0x00007ffbe9c6e000 	C:\WINDOWS\System32\ADVAPI32.dll
0x00007ffbe9cf0000 - 0x00007ffbe9d97000 	C:\WINDOWS\System32\msvcrt.dll
0x00007ffbea5c0000 - 0x00007ffbea664000 	C:\WINDOWS\System32\sechost.dll
0x00007ffbea2d0000 - 0x00007ffbea3e5000 	C:\WINDOWS\System32\RPCRT4.dll
0x00007ffbea410000 - 0x00007ffbea5bd000 	C:\WINDOWS\System32\USER32.dll
0x00007ffbe8050000 - 0x00007ffbe8076000 	C:\WINDOWS\System32\win32u.dll
0x00007ffbe99a0000 - 0x00007ffbe99c9000 	C:\WINDOWS\System32\GDI32.dll
0x00007ffbd4880000 - 0x00007ffbd4b0e000 	C:\WINDOWS\WinSxS\amd64_microsoft.windows.common-controls_6595b64144ccf1df_6.0.22621.608_none_a9444ca7c10bb01d\COMCTL32.dll
0x00007ffbe81a0000 - 0x00007ffbe82b3000 	C:\WINDOWS\System32\gdi32full.dll
0x00007ffbe8720000 - 0x00007ffbe87ba000 	C:\WINDOWS\System32\msvcp_win.dll
0x00007ffbd9e80000 - 0x00007ffbd9e8a000 	C:\WINDOWS\SYSTEM32\VERSION.dll
0x00007ffbea940000 - 0x00007ffbea971000 	C:\WINDOWS\System32\IMM32.DLL
0x00007ffbe2d10000 - 0x00007ffbe2d1c000 	C:\Program Files\OpenJDK\jdk-17.0.6\bin\vcruntime140_1.dll
0x00007ffbaebb0000 - 0x00007ffbaec3e000 	C:\Program Files\OpenJDK\jdk-17.0.6\bin\msvcp140.dll
0x00007ffb9b980000 - 0x00007ffb9c557000 	C:\Program Files\OpenJDK\jdk-17.0.6\bin\server\jvm.dll
0x00007ffbea790000 - 0x00007ffbea798000 	C:\WINDOWS\System32\PSAPI.DLL
0x00007ffbd3030000 - 0x00007ffbd3039000 	C:\WINDOWS\SYSTEM32\WSOCK32.dll
0x00007ffbe9c70000 - 0x00007ffbe9ce1000 	C:\WINDOWS\System32\WS2_32.dll
0x00007ffbdf0a0000 - 0x00007ffbdf0d4000 	C:\WINDOWS\SYSTEM32\WINMM.dll
0x00007ffbe6fe0000 - 0x00007ffbe6ff8000 	C:\WINDOWS\SYSTEM32\kernel.appcore.dll
0x00007ffbde580000 - 0x00007ffbde58a000 	C:\Program Files\OpenJDK\jdk-17.0.6\bin\jimage.dll
0x00007ffbe30e0000 - 0x00007ffbe330e000 	C:\WINDOWS\SYSTEM32\DBGHELP.DLL
0x00007ffbe9e70000 - 0x00007ffbea1f9000 	C:\WINDOWS\System32\combase.dll
0x00007ffbe9a70000 - 0x00007ffbe9b47000 	C:\WINDOWS\System32\OLEAUT32.dll
0x00007ffbd6bc0000 - 0x00007ffbd6bf2000 	C:\WINDOWS\SYSTEM32\dbgcore.DLL
0x00007ffbe7f60000 - 0x00007ffbe7fdb000 	C:\WINDOWS\System32\bcryptPrimitives.dll
0x00007ffbd53b0000 - 0x00007ffbd53d5000 	C:\Program Files\OpenJDK\jdk-17.0.6\bin\java.dll

dbghelp: loaded successfully - version: 4.0.5 - missing functions: none
symbol engine: initialized successfully - sym options: 0x614 - pdb path: .;C:\Program Files\OpenJDK\jdk-17.0.6\bin;C:\WINDOWS\SYSTEM32;C:\WINDOWS\WinSxS\amd64_microsoft.windows.common-controls_6595b64144ccf1df_6.0.22621.608_none_a9444ca7c10bb01d;C:\Program Files\OpenJDK\jdk-17.0.6\bin\server

VM Arguments:
jvm_args: -DwatchParentProcess=false -XX:+ExitOnOutOfMemoryError -XX:+HeapDumpOnOutOfMemoryError -XX:HeapDumpPath=c:\Users\nguyen huu tri\AppData\Roaming\Code\User\globalStorage\redhat.vscode-xml -Xmx64M 
java_command: org.eclipse.lemminx.XMLServerLauncher
java_class_path (initial): c:\Users\nguyen huu tri\.vscode\extensions\redhat.vscode-xml-0.24.0-win32-x64\server\org.eclipse.lemminx-0.24.0-uber.jar
Launcher Type: SUN_STANDARD

[Global flags]
     intx CICompilerCount                          = 4                                         {product} {ergonomic}
     uint ConcGCThreads                            = 2                                         {product} {ergonomic}
     bool ExitOnOutOfMemoryError                   = true                                      {product} {command line}
     uint G1ConcRefinementThreads                  = 8                                         {product} {ergonomic}
   size_t G1HeapRegionSize                         = 1048576                                   {product} {ergonomic}
    uintx GCDrainStackTargetSize                   = 64                                        {product} {ergonomic}
     bool HeapDumpOnOutOfMemoryError               = true                                   {manageable} {command line}
    ccstr HeapDumpPath                             = c:\Users\nguyen huu tri\AppData\Roaming\Code\User\globalStorage\redhat.vscode-xml         {manageable} {command line}
   size_t InitialHeapSize                          = 67108864                                  {product} {ergonomic}
   size_t MarkStackSize                            = 4194304                                   {product} {ergonomic}
   size_t MaxHeapSize                              = 67108864                                  {product} {command line}
   size_t MinHeapDeltaBytes                        = 1048576                                   {product} {ergonomic}
   size_t MinHeapSize                              = 8388608                                   {product} {ergonomic}
    uintx NonNMethodCodeHeapSize                   = 5839372                                {pd product} {ergonomic}
    uintx NonProfiledCodeHeapSize                  = 122909434                              {pd product} {ergonomic}
    uintx ProfiledCodeHeapSize                     = 122909434                              {pd product} {ergonomic}
    uintx ReservedCodeCacheSize                    = 251658240                              {pd product} {ergonomic}
     bool SegmentedCodeCache                       = true                                      {product} {ergonomic}
   size_t SoftMaxHeapSize                          = 67108864                               {manageable} {ergonomic}
     bool UseCompressedClassPointers               = true                           {product lp64_product} {ergonomic}
     bool UseCompressedOops                        = true                           {product lp64_product} {ergonomic}
     bool UseG1GC                                  = true                                      {product} {ergonomic}
     bool UseLargePagesIndividualAllocation        = false                                  {pd product} {ergonomic}

Logging:
Log output configuration:
 #0: stdout all=warning uptime,level,tags
 #1: stderr all=off uptime,level,tags

Environment Variables:
JAVA_HOME=C:\Program Files\OpenJDK\jdk-17.0.6
PATH=C:\Program Files\Microsoft MPI\Bin\;C:\Python310\Scripts\;C:\Python310\;C:\Python38\Scripts\;C:\Python38\;C:\WINDOWS\system32;C:\WINDOWS;C:\WINDOWS\System32\Wbem;C:\WINDOWS\System32\WindowsPowerShell\v1.0\;C:\WINDOWS\System32\OpenSSH\;C:\ProgramData\chocolatey\bin;C:\Program Files (x86)\Yarn\bin\;C:\Program Files\dotnet\;C:\Program Files\Microsoft SQL Server\130\Tools\Binn\;C:\Program Files\Microsoft SQL Server\Client SDK\ODBC\170\Tools\Binn\;C:\Program Files (x86)\Microsoft SQL Server\150\Tools\Binn\;C:\Program Files\Microsoft SQL Server\150\Tools\Binn\;C:\Program Files (x86)\Microsoft SQL Server\150\DTS\Binn\;C:\Program Files\Microsoft SQL Server\150\DTS\Binn\;C:\Program Files\Azure Data Studio\bin;C:\Program Files (x86)\dotnet\;C:\Program Files\Go\bin;C:\Program Files\Docker\Docker\resources\bin;C:\ProgramData\DockerDesktop\version-bin;C:\Users\nguyen huu tri\AppData\Roaming\nvm;C:\Program Files\nodejs;C:\Program Files\Microsoft\Web Platform Installer\;D:\apache-maven-3.8.6\bin;C:\Program Files\OpenJDK\jdk-17.0.6\bin;C:\Program Files\Git\cmd;C:\Users\nguyen huu tri\AppData\Local\Microsoft\WindowsApps;C:\Users\nguyen huu tri\AppData\Local\Programs\Microsoft VS Code\bin;C:\Users\nguyen huu tri\AppData\Local\Yarn\bin;C:\Users\nguyen huu tri\.dotnet\tools;C:\Program Files\Azure Data Studio\bin;C:\Users\nguyen huu tri\go\bin;C:\Users\nguyen huu tri\AppData\Roaming\nvm;C:\Program Files\nodejs;C:\Users\nguyen huu tri\AppData\Local\JetBrains\Toolbox\scripts;
USERNAME=nguyen huu tri
OS=Windows_NT
PROCESSOR_IDENTIFIER=Intel64 Family 6 Model 142 Stepping 10, GenuineIntel



---------------  S Y S T E M  ---------------

OS:
 Windows 11 , 64 bit Build 22621 (10.0.22621.1344)
OS uptime: 20 days 2:17 hours
Hyper-V role detected

CPU: total 8 (initial active 8) (4 cores per cpu, 2 threads per core) family 6 model 142 stepping 10 microcode 0xe0, cx8, cmov, fxsr, ht, mmx, 3dnowpref, sse, sse2, sse3, ssse3, sse4.1, sse4.2, popcnt, lzcnt, tsc, tscinvbit, avx, avx2, aes, erms, clmul, bmi1, bmi2, adx, fma, vzeroupper, clflush, clflushopt, hv

Memory: 4k page, system-wide physical 8052M (230M free)
TotalPageFile size 32628M (AvailPageFile size 53M)
current process WorkingSet (physical memory assigned to process): 11M, peak: 11M
current process commit charge ("private bytes"): 59M, peak: 123M

vm_info: Java HotSpot(TM) 64-Bit Server VM (17.0.6+9-LTS-190) for windows-amd64 JRE (17.0.6+9-LTS-190), built on Dec  6 2022 15:53:54 by "mach5one" with MS VC++ 17.1 (VS2022)

END.
