#
# There is insufficient memory for the Java Runtime Environment to continue.
# Native memory allocation (malloc) failed to allocate 505664 bytes for Chunk::new
# Possible reasons:
#   The system is out of physical RAM or swap space
#   The process is running with CompressedOops enabled, and the Java Heap may be blocking the growth of the native heap
# Possible solutions:
#   Reduce memory load on the system
#   Increase physical memory or swap space
#   Check if swap backing store is full
#   Decrease Java heap size (-Xmx/-Xms)
#   Decrease number of Java threads
#   Decrease Java thread stack sizes (-Xss)
#   Set larger code cache with -XX:ReservedCodeCacheSize=
#   JVM is running with Unscaled Compressed Oops mode in which the Java heap is
#     placed in the first 4GB address space. The Java Heap base address is the
#     maximum limit for the native heap growth. Please use -XX:HeapBaseMinAddress
#     to set the Java Heap base and to place the Java Heap above 4GB virtual address.
# This output file may be truncated or incomplete.
#
#  Out of Memory Error (arena.cpp:189), pid=23660, tid=27432
#
# JRE version: Java(TM) SE Runtime Environment (17.0.6+9) (build 17.0.6+9-LTS-190)
# Java VM: Java HotSpot(TM) 64-Bit Server VM (17.0.6+9-LTS-190, mixed mode, sharing, tiered, compressed oops, compressed class ptrs, parallel gc, windows-amd64)
# No core dump will be written. Minidumps are not enabled by default on client versions of Windows
#

---------------  S U M M A R Y ------------

Command Line: --add-modules=ALL-SYSTEM --add-opens=java.base/java.util=ALL-UNNAMED --add-opens=java.base/java.lang=ALL-UNNAMED --add-opens=java.base/sun.nio.fs=ALL-UNNAMED -Declipse.application=org.eclipse.jdt.ls.core.id1 -Dosgi.bundles.defaultStartLevel=4 -Declipse.product=org.eclipse.jdt.ls.core.product -Djava.import.generatesMetadataFilesAtProjectRoot=false -Dfile.encoding=utf8 -Xlog:disable -XX:+UseParallelGC -XX:GCTimeRatio=4 -XX:AdaptiveSizePolicyWeight=90 -Dsun.zip.disableMemoryMapping=true -Xmx1G -Xms100m -javaagent:c:\Users\nguyen huu tri\.vscode\extensions\redhat.java-1.16.0-win32-x64\lombok\lombok-1.18.24.jar c:\Users\nguyen huu tri\.vscode\extensions\redhat.java-1.16.0-win32-x64\server\plugins\org.eclipse.equinox.launcher_1.6.400.v20210924-0641.jar -configuration c:\Users\nguyen huu tri\AppData\Roaming\Code\User\globalStorage\redhat.java\1.16.0\config_ss_win -data c:\Users\nguyen huu tri\AppData\Roaming\Code\User\workspaceStorage\3fd33c7a77e24aeb295b32f1d214cac3\redhat.java\ss_ws

Host: Intel(R) Core(TM) i5-8250U CPU @ 1.60GHz, 8 cores, 7G,  Windows 11 , 64 bit Build 22621 (10.0.22621.1344)
Time: Thu Apr  6 19:58:10 2023 SE Asia Standard Time elapsed time: 1.958331 seconds (0d 0h 0m 1s)

---------------  T H R E A D  ---------------

Current thread (0x00000178b5832dd0):  JavaThread "C2 CompilerThread0" daemon [_thread_in_native, id=27432, stack(0x0000000385f00000,0x0000000386000000)]


Current CompileTask:
C2:   1958  751   !   4       java.util.jar.Attributes::read (494 bytes)

Stack: [0x0000000385f00000,0x0000000386000000]
Native frames: (J=compiled Java code, j=interpreted, Vv=VM code, C=native code)
V  [jvm.dll+0x6734ea]
V  [jvm.dll+0x7d18f4]
V  [jvm.dll+0x7d309e]
V  [jvm.dll+0x7d3703]
V  [jvm.dll+0x2433c5]
V  [jvm.dll+0xaa46b]
V  [jvm.dll+0xaaa0c]
V  [jvm.dll+0x35eb2e]
V  [jvm.dll+0x329401]
V  [jvm.dll+0x32889a]
V  [jvm.dll+0x215ddf]
V  [jvm.dll+0x215211]
V  [jvm.dll+0x1a1730]
V  [jvm.dll+0x224b6e]
V  [jvm.dll+0x222f15]
V  [jvm.dll+0x78753c]
V  [jvm.dll+0x781a7a]
V  [jvm.dll+0x672375]
C  [ucrtbase.dll+0x29363]
C  [KERNEL32.DLL+0x126bd]
C  [ntdll.dll+0x5a9f8]


---------------  P R O C E S S  ---------------

Threads class SMR info:
_java_thread_list=0x00000178b824be50, length=12, elements={
0x000001789cde3840, 0x00000178b5819a30, 0x00000178b581aeb0, 0x00000178b582e570,
0x00000178b582ffa0, 0x00000178b5830860, 0x00000178b5831120, 0x00000178b5832dd0,
0x00000178b8051480, 0x00000178b80527b0, 0x00000178b80b12a0, 0x00000178b8215310
}

Java Threads: ( => current thread )
  0x000001789cde3840 JavaThread "main" [_thread_in_Java, id=5560, stack(0x0000000385600000,0x0000000385700000)]
  0x00000178b5819a30 JavaThread "Reference Handler" daemon [_thread_blocked, id=26632, stack(0x0000000385900000,0x0000000385a00000)]
  0x00000178b581aeb0 JavaThread "Finalizer" daemon [_thread_blocked, id=24464, stack(0x0000000385a00000,0x0000000385b00000)]
  0x00000178b582e570 JavaThread "Signal Dispatcher" daemon [_thread_blocked, id=1716, stack(0x0000000385b00000,0x0000000385c00000)]
  0x00000178b582ffa0 JavaThread "Attach Listener" daemon [_thread_blocked, id=27220, stack(0x0000000385c00000,0x0000000385d00000)]
  0x00000178b5830860 JavaThread "Service Thread" daemon [_thread_blocked, id=15124, stack(0x0000000385d00000,0x0000000385e00000)]
  0x00000178b5831120 JavaThread "Monitor Deflation Thread" daemon [_thread_blocked, id=16272, stack(0x0000000385e00000,0x0000000385f00000)]
=>0x00000178b5832dd0 JavaThread "C2 CompilerThread0" daemon [_thread_in_native, id=27432, stack(0x0000000385f00000,0x0000000386000000)]
  0x00000178b8051480 JavaThread "C1 CompilerThread0" daemon [_thread_blocked, id=21548, stack(0x0000000386000000,0x0000000386100000)]
  0x00000178b80527b0 JavaThread "Sweeper thread" daemon [_thread_blocked, id=28272, stack(0x0000000386100000,0x0000000386200000)]
  0x00000178b80b12a0 JavaThread "Common-Cleaner" daemon [_thread_blocked, id=3480, stack(0x0000000386200000,0x0000000386300000)]
  0x00000178b8215310 JavaThread "Notification Thread" daemon [_thread_blocked, id=22396, stack(0x0000000386300000,0x0000000386400000)]

Other Threads:
  0x000001789ce9e9c0 VMThread "VM Thread" [stack: 0x0000000385800000,0x0000000385900000] [id=24436]
  0x00000178b824d8e0 WatcherThread [stack: 0x0000000386400000,0x0000000386500000] [id=14068]
  0x000001789cdf9df0 GCTaskThread "GC Thread#0" [stack: 0x0000000385700000,0x0000000385800000] [id=25704]

Threads with active compile tasks:
C2 CompilerThread0     2015  751   !   4       java.util.jar.Attributes::read (494 bytes)

VM state: not at safepoint (normal execution)

VM Mutex/Monitor currently owned by a thread: None

Heap address: 0x00000000c0000000, size: 1024 MB, Compressed Oops mode: 32-bit

CDS archive(s) mapped at: [0x0000000800000000-0x0000000800bd0000-0x0000000800bd0000), size 12386304, SharedBaseAddress: 0x0000000800000000, ArchiveRelocationMode: 0.
Compressed class space mapped at: 0x0000000800c00000-0x0000000840c00000, reserved size: 1073741824
Narrow klass base: 0x0000000800000000, Narrow klass shift: 0, Narrow klass range: 0x100000000

GC Precious Log:
 CPUs: 8 total, 8 available
 Memory: 8052M
 Large Page Support: Disabled
 NUMA Support: Disabled
 Compressed Oops: Enabled (32-bit)
 Alignments: Space 512K, Generation 512K, Heap 2M
 Heap Min Capacity: 100M
 Heap Initial Capacity: 100M
 Heap Max Capacity: 1G
 Pre-touch: Disabled
 Parallel Workers: 8

Heap:
 PSYoungGen      total 29696K, used 20203K [0x00000000eab00000, 0x00000000ecc00000, 0x0000000100000000)
  eden space 25600K, 78% used [0x00000000eab00000,0x00000000ebebaed8,0x00000000ec400000)
  from space 4096K, 0% used [0x00000000ec800000,0x00000000ec800000,0x00000000ecc00000)
  to   space 4096K, 0% used [0x00000000ec400000,0x00000000ec400000,0x00000000ec800000)
 ParOldGen       total 68608K, used 0K [0x00000000c0000000, 0x00000000c4300000, 0x00000000eab00000)
  object space 68608K, 0% used [0x00000000c0000000,0x00000000c0000000,0x00000000c4300000)
 Metaspace       used 3860K, committed 4032K, reserved 1056768K
  class space    used 359K, committed 448K, reserved 1048576K

Card table byte_map: [0x000001789c7b0000,0x000001789c9c0000] _byte_map_base: 0x000001789c1b0000

Marking Bits: (ParMarkBitMap*) 0x00007ffb9c4995f0
 Begin Bits: [0x00000178b3650000, 0x00000178b4650000)
 End Bits:   [0x00000178b4650000, 0x00000178b5650000)

Polling page: 0x000001789c5a0000

Metaspace:

Usage:
  Non-class:      3.42 MB used.
      Class:    359.52 KB used.
       Both:      3.77 MB used.

Virtual space:
  Non-class space:        8.00 MB reserved,       3.50 MB ( 44%) committed,  1 nodes.
      Class space:        1.00 GB reserved,     448.00 KB ( <1%) committed,  1 nodes.
             Both:        1.01 GB reserved,       3.94 MB ( <1%) committed. 

Chunk freelists:
   Non-Class:  3.45 MB
       Class:  3.55 MB
        Both:  7.01 MB

MaxMetaspaceSize: unlimited
CompressedClassSpaceSize: 1.00 GB
Initial GC threshold: 21.00 MB
Current GC threshold: 21.00 MB
CDS: on
MetaspaceReclaimPolicy: balanced
 - commit_granule_bytes: 65536.
 - commit_granule_words: 8192.
 - virtual_space_node_default_size: 1048576.
 - enlarge_chunks_in_place: 1.
 - new_chunks_are_fully_committed: 0.
 - uncommit_free_chunks: 1.
 - use_allocation_guard: 0.
 - handle_deallocations: 1.


Internal statistics:

num_allocs_failed_limit: 0.
num_arena_births: 18.
num_arena_deaths: 0.
num_vsnodes_births: 2.
num_vsnodes_deaths: 0.
num_space_committed: 63.
num_space_uncommitted: 0.
num_chunks_returned_to_freelist: 0.
num_chunks_taken_from_freelist: 54.
num_chunk_merges: 0.
num_chunk_splits: 40.
num_chunks_enlarged: 30.
num_purges: 0.
num_inconsistent_stats: 0.

CodeHeap 'non-profiled nmethods': size=120000Kb used=265Kb max_used=265Kb free=119734Kb
 bounds [0x00000178ac120000, 0x00000178ac390000, 0x00000178b3650000]
CodeHeap 'profiled nmethods': size=120000Kb used=1546Kb max_used=1546Kb free=118453Kb
 bounds [0x00000178a4650000, 0x00000178a48c0000, 0x00000178abb80000]
CodeHeap 'non-nmethods': size=5760Kb used=1132Kb max_used=1152Kb free=4627Kb
 bounds [0x00000178abb80000, 0x00000178abdf0000, 0x00000178ac120000]
 total_blobs=1255 nmethods=835 adapters=335
 compilation: enabled
              stopped_count=0, restarted_count=0
 full_count=0

Compilation events (20 events):
Event: 1.904 Thread 0x00000178b8051480  807       3       java.io.InputStream::<init> (5 bytes)
Event: 1.904 Thread 0x00000178b8051480 nmethod 807 0x00000178a47b6990 code [0x00000178a47b6b20, 0x00000178a47b6c78]
Event: 1.910 Thread 0x00000178b8051480  808       3       java.lang.StringConcatHelper::newArray (26 bytes)
Event: 1.910 Thread 0x00000178b8051480 nmethod 808 0x00000178a47b6d10 code [0x00000178a47b6ec0, 0x00000178a47b7108]
Event: 1.913 Thread 0x00000178b8051480  809       3       java.lang.invoke.VarHandleGuards::guard_LII_V (137 bytes)
Event: 1.917 Thread 0x00000178b8051480 nmethod 809 0x00000178a47b7210 code [0x00000178a47b7640, 0x00000178a47ba018]
Event: 1.917 Thread 0x00000178b8051480  813       3       java.lang.ClassLoader::getClassLoadingLock (35 bytes)
Event: 1.918 Thread 0x00000178b8051480 nmethod 813 0x00000178a47bac90 code [0x00000178a47bae40, 0x00000178a47bb148]
Event: 1.918 Thread 0x00000178b8051480  814   !   3       java.util.zip.InflaterInputStream::read (138 bytes)
Event: 1.919 Thread 0x00000178b8051480 nmethod 814 0x00000178a47bb290 code [0x00000178a47bb540, 0x00000178a47bc258]
Event: 1.919 Thread 0x00000178b8051480  810       3       java.lang.invoke.VarHandleByteArrayAsInts$ArrayHandle::set (39 bytes)
Event: 1.920 Thread 0x00000178b8051480 nmethod 810 0x00000178a47bc810 code [0x00000178a47bca00, 0x00000178a47bcf38]
Event: 1.920 Thread 0x00000178b8051480  815       1       java.net.URLStreamHandler::getDefaultPort (2 bytes)
Event: 1.920 Thread 0x00000178b8051480 nmethod 815 0x00000178ac160210 code [0x00000178ac1603a0, 0x00000178ac160478]
Event: 1.923 Thread 0x00000178b8051480  816       3       java.util.ArrayDeque::inc (12 bytes)
Event: 1.923 Thread 0x00000178b8051480 nmethod 816 0x00000178a47bd110 code [0x00000178a47bd2a0, 0x00000178a47bd3d8]
Event: 1.931 Thread 0x00000178b8051480  817       3       java.util.WeakHashMap::indexFor (6 bytes)
Event: 1.932 Thread 0x00000178b8051480 nmethod 817 0x00000178a47bd490 code [0x00000178a47bd620, 0x00000178a47bd718]
Event: 1.932 Thread 0x00000178b8051480  818   !   3       java.util.WeakHashMap::expungeStaleEntries (139 bytes)
Event: 1.933 Thread 0x00000178b8051480 nmethod 818 0x00000178a47bd790 code [0x00000178a47bd9a0, 0x00000178a47be308]

GC Heap History (0 events):
No events

Deoptimization events (20 events):
Event: 1.882 Thread 0x000001789cde3840 DEOPT PACKING pc=0x00000178a475df3a sp=0x00000003856fe8d0
Event: 1.882 Thread 0x000001789cde3840 DEOPT UNPACKING pc=0x00000178abbd2843 sp=0x00000003856fdd28 mode 0
Event: 1.883 Thread 0x000001789cde3840 DEOPT PACKING pc=0x00000178a475de62 sp=0x00000003856fe8d0
Event: 1.883 Thread 0x000001789cde3840 DEOPT UNPACKING pc=0x00000178abbd2843 sp=0x00000003856fdd28 mode 0
Event: 1.883 Thread 0x000001789cde3840 DEOPT PACKING pc=0x00000178a475de62 sp=0x00000003856fe8d0
Event: 1.883 Thread 0x000001789cde3840 DEOPT UNPACKING pc=0x00000178abbd2843 sp=0x00000003856fdd28 mode 0
Event: 1.883 Thread 0x000001789cde3840 DEOPT PACKING pc=0x00000178a475de62 sp=0x00000003856fe8d0
Event: 1.883 Thread 0x000001789cde3840 DEOPT UNPACKING pc=0x00000178abbd2843 sp=0x00000003856fdd28 mode 0
Event: 1.884 Thread 0x000001789cde3840 DEOPT PACKING pc=0x00000178a475df3a sp=0x00000003856fe8d0
Event: 1.884 Thread 0x000001789cde3840 DEOPT UNPACKING pc=0x00000178abbd2843 sp=0x00000003856fdd28 mode 0
Event: 1.884 Thread 0x000001789cde3840 DEOPT PACKING pc=0x00000178a475df3a sp=0x00000003856fe8d0
Event: 1.884 Thread 0x000001789cde3840 DEOPT UNPACKING pc=0x00000178abbd2843 sp=0x00000003856fdd28 mode 0
Event: 1.884 Thread 0x000001789cde3840 DEOPT PACKING pc=0x00000178a475df3a sp=0x00000003856fe8d0
Event: 1.884 Thread 0x000001789cde3840 DEOPT UNPACKING pc=0x00000178abbd2843 sp=0x00000003856fdd28 mode 0
Event: 1.885 Thread 0x000001789cde3840 DEOPT PACKING pc=0x00000178a475df3a sp=0x00000003856fe8d0
Event: 1.885 Thread 0x000001789cde3840 DEOPT UNPACKING pc=0x00000178abbd2843 sp=0x00000003856fdd28 mode 0
Event: 1.885 Thread 0x000001789cde3840 DEOPT PACKING pc=0x00000178a475de62 sp=0x00000003856fe8d0
Event: 1.885 Thread 0x000001789cde3840 DEOPT UNPACKING pc=0x00000178abbd2843 sp=0x00000003856fdd28 mode 0
Event: 1.885 Thread 0x000001789cde3840 DEOPT PACKING pc=0x00000178a475de62 sp=0x00000003856fe8d0
Event: 1.885 Thread 0x000001789cde3840 DEOPT UNPACKING pc=0x00000178abbd2843 sp=0x00000003856fdd28 mode 0

Classes unloaded (0 events):
No events

Classes redefined (0 events):
No events

Internal exceptions (8 events):
Event: 0.230 Thread 0x000001789cde3840 Exception <a 'java/lang/NoSuchMethodError'{0x00000000eaca2400}: 'void java.lang.invoke.DirectMethodHandle$Holder.invokeStatic(java.lang.Object, java.lang.Object, java.lang.Object)'> (0x00000000eaca2400) 
thrown [s\open\src\hotspot\share\interpreter\linkResolver.cpp, line 759]
Event: 0.748 Thread 0x000001789cde3840 Exception <a 'java/lang/reflect/InvocationTargetException'{0x00000000eaf7d128}> (0x00000000eaf7d128) 
thrown [s\open\src\hotspot\share\runtime\reflection.cpp, line 1121]
Event: 1.529 Thread 0x000001789cde3840 Exception <a 'java/lang/ClassNotFoundException'{0x00000000eb90e158}: sun/net/www/protocol/c/Handler> (0x00000000eb90e158) 
thrown [s\open\src\hotspot\share\classfile\systemDictionary.cpp, line 256]
Event: 1.550 Thread 0x000001789cde3840 Exception <a 'java/io/FileNotFoundException'{0x00000000eb922968}> (0x00000000eb922968) 
thrown [s\open\src\hotspot\share\prims\jni.cpp, line 516]
Event: 1.551 Thread 0x000001789cde3840 Exception <a 'java/io/FileNotFoundException'{0x00000000eb9236d0}> (0x00000000eb9236d0) 
thrown [s\open\src\hotspot\share\prims\jni.cpp, line 516]
Event: 1.551 Thread 0x000001789cde3840 Exception <a 'java/io/FileNotFoundException'{0x00000000eb924418}> (0x00000000eb924418) 
thrown [s\open\src\hotspot\share\prims\jni.cpp, line 516]
Event: 1.552 Thread 0x000001789cde3840 Exception <a 'java/io/FileNotFoundException'{0x00000000eb925130}> (0x00000000eb925130) 
thrown [s\open\src\hotspot\share\prims\jni.cpp, line 516]
Event: 1.567 Thread 0x000001789cde3840 Exception <a 'java/io/FileNotFoundException'{0x00000000eb962cf0}> (0x00000000eb962cf0) 
thrown [s\open\src\hotspot\share\prims\jni.cpp, line 516]

VM Operations (10 events):
Event: 0.247 Executing VM operation: HandshakeAllThreads
Event: 0.247 Executing VM operation: HandshakeAllThreads done
Event: 0.596 Executing VM operation: HandshakeAllThreads
Event: 0.596 Executing VM operation: HandshakeAllThreads done
Event: 1.489 Executing VM operation: HandshakeAllThreads
Event: 1.489 Executing VM operation: HandshakeAllThreads done
Event: 1.489 Executing VM operation: Cleanup
Event: 1.489 Executing VM operation: Cleanup done
Event: 1.522 Executing VM operation: HandshakeAllThreads
Event: 1.522 Executing VM operation: HandshakeAllThreads done

Events (20 events):
Event: 1.942 loading class java/lang/annotation/RetentionPolicy done
Event: 1.943 loading class sun/reflect/annotation/AnnotationTypeMismatchExceptionProxy
Event: 1.943 loading class sun/reflect/annotation/ExceptionProxy
Event: 1.943 loading class sun/reflect/annotation/ExceptionProxy done
Event: 1.943 loading class sun/reflect/annotation/AnnotationTypeMismatchExceptionProxy done
Event: 1.943 loading class sun/reflect/annotation/AnnotationParser$1
Event: 1.946 loading class sun/reflect/annotation/AnnotationParser$1 done
Event: 1.947 loading class sun/reflect/annotation/AnnotationInvocationHandler
Event: 1.947 loading class java/lang/reflect/InvocationHandler
Event: 1.947 loading class java/lang/reflect/InvocationHandler done
Event: 1.948 loading class sun/reflect/annotation/AnnotationInvocationHandler done
Event: 1.948 loading class java/lang/reflect/Proxy
Event: 1.949 loading class java/lang/reflect/Proxy done
Event: 1.949 loading class java/lang/reflect/Proxy$1
Event: 1.949 loading class java/lang/reflect/Proxy$1 done
Event: 1.949 loading class jdk/internal/loader/AbstractClassLoaderValue$Sub
Event: 1.952 loading class jdk/internal/loader/AbstractClassLoaderValue$Sub done
Event: 1.953 loading class java/lang/reflect/Proxy$ProxyBuilder
Event: 1.954 loading class java/lang/reflect/Proxy$ProxyBuilder done
Event: 1.954 loading class java/util/Collections$SingletonList


Dynamic libraries:
0x00007ff640e70000 - 0x00007ff640e80000 	C:\Program Files\OpenJDK\jdk-17.0.6\bin\java.exe
0x00007ffbeab50000 - 0x00007ffbead64000 	C:\WINDOWS\SYSTEM32\ntdll.dll
0x00007ffbea200000 - 0x00007ffbea2c3000 	C:\WINDOWS\System32\KERNEL32.DLL
0x00007ffbe8380000 - 0x00007ffbe871c000 	C:\WINDOWS\System32\KERNELBASE.dll
0x00007ffbe5140000 - 0x00007ffbe51d7000 	C:\WINDOWS\SYSTEM32\apphelp.dll
0x00007ffbe8080000 - 0x00007ffbe8191000 	C:\WINDOWS\System32\ucrtbase.dll
0x00007ffbd5bc0000 - 0x00007ffbd5bdb000 	C:\Program Files\OpenJDK\jdk-17.0.6\bin\VCRUNTIME140.dll
0x00007ffbd6ed0000 - 0x00007ffbd6ee8000 	C:\Program Files\OpenJDK\jdk-17.0.6\bin\jli.dll
0x00007ffbe9bc0000 - 0x00007ffbe9c6e000 	C:\WINDOWS\System32\ADVAPI32.dll
0x00007ffbe9cf0000 - 0x00007ffbe9d97000 	C:\WINDOWS\System32\msvcrt.dll
0x00007ffbea5c0000 - 0x00007ffbea664000 	C:\WINDOWS\System32\sechost.dll
0x00007ffbea2d0000 - 0x00007ffbea3e5000 	C:\WINDOWS\System32\RPCRT4.dll
0x00007ffbea410000 - 0x00007ffbea5bd000 	C:\WINDOWS\System32\USER32.dll
0x00007ffbd4880000 - 0x00007ffbd4b0e000 	C:\WINDOWS\WinSxS\amd64_microsoft.windows.common-controls_6595b64144ccf1df_6.0.22621.608_none_a9444ca7c10bb01d\COMCTL32.dll
0x00007ffbe8050000 - 0x00007ffbe8076000 	C:\WINDOWS\System32\win32u.dll
0x00007ffbe99a0000 - 0x00007ffbe99c9000 	C:\WINDOWS\System32\GDI32.dll
0x00007ffbe81a0000 - 0x00007ffbe82b3000 	C:\WINDOWS\System32\gdi32full.dll
0x00007ffbe8720000 - 0x00007ffbe87ba000 	C:\WINDOWS\System32\msvcp_win.dll
0x00007ffbd9e80000 - 0x00007ffbd9e8a000 	C:\WINDOWS\SYSTEM32\VERSION.dll
0x00007ffbea940000 - 0x00007ffbea971000 	C:\WINDOWS\System32\IMM32.DLL
0x00007ffbe2d10000 - 0x00007ffbe2d1c000 	C:\Program Files\OpenJDK\jdk-17.0.6\bin\vcruntime140_1.dll
0x00007ffbaebb0000 - 0x00007ffbaec3e000 	C:\Program Files\OpenJDK\jdk-17.0.6\bin\msvcp140.dll
0x00007ffb9b980000 - 0x00007ffb9c557000 	C:\Program Files\OpenJDK\jdk-17.0.6\bin\server\jvm.dll
0x00007ffbea790000 - 0x00007ffbea798000 	C:\WINDOWS\System32\PSAPI.DLL
0x00007ffbdf0a0000 - 0x00007ffbdf0d4000 	C:\WINDOWS\SYSTEM32\WINMM.dll
0x00007ffbd3030000 - 0x00007ffbd3039000 	C:\WINDOWS\SYSTEM32\WSOCK32.dll
0x00007ffbe9c70000 - 0x00007ffbe9ce1000 	C:\WINDOWS\System32\WS2_32.dll
0x00007ffbe6fe0000 - 0x00007ffbe6ff8000 	C:\WINDOWS\SYSTEM32\kernel.appcore.dll
0x00007ffbde580000 - 0x00007ffbde58a000 	C:\Program Files\OpenJDK\jdk-17.0.6\bin\jimage.dll
0x00007ffbe30e0000 - 0x00007ffbe330e000 	C:\WINDOWS\SYSTEM32\DBGHELP.DLL
0x00007ffbe9e70000 - 0x00007ffbea1f9000 	C:\WINDOWS\System32\combase.dll
0x00007ffbe9a70000 - 0x00007ffbe9b47000 	C:\WINDOWS\System32\OLEAUT32.dll
0x00007ffbd6bc0000 - 0x00007ffbd6bf2000 	C:\WINDOWS\SYSTEM32\dbgcore.DLL
0x00007ffbe7f60000 - 0x00007ffbe7fdb000 	C:\WINDOWS\System32\bcryptPrimitives.dll
0x00007ffbde550000 - 0x00007ffbde55e000 	C:\Program Files\OpenJDK\jdk-17.0.6\bin\instrument.dll
0x00007ffbd53b0000 - 0x00007ffbd53d5000 	C:\Program Files\OpenJDK\jdk-17.0.6\bin\java.dll
0x00007ffba25d0000 - 0x00007ffba26a7000 	C:\Program Files\OpenJDK\jdk-17.0.6\bin\jsvml.dll
0x00007ffbe8990000 - 0x00007ffbe9180000 	C:\WINDOWS\System32\SHELL32.dll
0x00007ffbe5f20000 - 0x00007ffbe67ee000 	C:\WINDOWS\SYSTEM32\windows.storage.dll
0x00007ffbe5de0000 - 0x00007ffbe5f1e000 	C:\WINDOWS\SYSTEM32\wintypes.dll
0x00007ffbe9180000 - 0x00007ffbe9271000 	C:\WINDOWS\System32\SHCORE.dll
0x00007ffbe9280000 - 0x00007ffbe92de000 	C:\WINDOWS\System32\shlwapi.dll
0x00007ffbe7e90000 - 0x00007ffbe7eb1000 	C:\WINDOWS\SYSTEM32\profapi.dll
0x00007ffbd5ba0000 - 0x00007ffbd5bb8000 	C:\Program Files\OpenJDK\jdk-17.0.6\bin\zip.dll
0x00007ffbd5190000 - 0x00007ffbd51a9000 	C:\Program Files\OpenJDK\jdk-17.0.6\bin\net.dll
0x00007ffbe07b0000 - 0x00007ffbe08df000 	C:\WINDOWS\SYSTEM32\WINHTTP.dll
0x00007ffbe74c0000 - 0x00007ffbe7529000 	C:\WINDOWS\system32\mswsock.dll
0x00007ffbd3a70000 - 0x00007ffbd3a86000 	C:\Program Files\OpenJDK\jdk-17.0.6\bin\nio.dll
0x00007ffbd8c80000 - 0x00007ffbd8c90000 	C:\Program Files\OpenJDK\jdk-17.0.6\bin\verify.dll

dbghelp: loaded successfully - version: 4.0.5 - missing functions: none
symbol engine: initialized successfully - sym options: 0x614 - pdb path: .;C:\Program Files\OpenJDK\jdk-17.0.6\bin;C:\WINDOWS\SYSTEM32;C:\WINDOWS\WinSxS\amd64_microsoft.windows.common-controls_6595b64144ccf1df_6.0.22621.608_none_a9444ca7c10bb01d;C:\Program Files\OpenJDK\jdk-17.0.6\bin\server

VM Arguments:
jvm_args: --add-modules=ALL-SYSTEM --add-opens=java.base/java.util=ALL-UNNAMED --add-opens=java.base/java.lang=ALL-UNNAMED --add-opens=java.base/sun.nio.fs=ALL-UNNAMED -Declipse.application=org.eclipse.jdt.ls.core.id1 -Dosgi.bundles.defaultStartLevel=4 -Declipse.product=org.eclipse.jdt.ls.core.product -Djava.import.generatesMetadataFilesAtProjectRoot=false -Dfile.encoding=utf8 -Xlog:disable -XX:+UseParallelGC -XX:GCTimeRatio=4 -XX:AdaptiveSizePolicyWeight=90 -Dsun.zip.disableMemoryMapping=true -Xmx1G -Xms100m -javaagent:c:\Users\nguyen huu tri\.vscode\extensions\redhat.java-1.16.0-win32-x64\lombok\lombok-1.18.24.jar 
java_command: c:\Users\nguyen huu tri\.vscode\extensions\redhat.java-1.16.0-win32-x64\server\plugins\org.eclipse.equinox.launcher_1.6.400.v20210924-0641.jar -configuration c:\Users\nguyen huu tri\AppData\Roaming\Code\User\globalStorage\redhat.java\1.16.0\config_ss_win -data c:\Users\nguyen huu tri\AppData\Roaming\Code\User\workspaceStorage\3fd33c7a77e24aeb295b32f1d214cac3\redhat.java\ss_ws
java_class_path (initial): c:\Users\nguyen huu tri\.vscode\extensions\redhat.java-1.16.0-win32-x64\server\plugins\org.eclipse.equinox.launcher_1.6.400.v20210924-0641.jar
Launcher Type: SUN_STANDARD

[Global flags]
    uintx AdaptiveSizePolicyWeight                 = 90                                        {product} {command line}
     intx CICompilerCount                          = 4                                         {product} {ergonomic}
    uintx GCTimeRatio                              = 4                                         {product} {command line}
   size_t InitialHeapSize                          = 104857600                                 {product} {command line}
   size_t MaxHeapSize                              = 1073741824                                {product} {command line}
   size_t MaxNewSize                               = 357564416                                 {product} {ergonomic}
   size_t MinHeapDeltaBytes                        = 524288                                    {product} {ergonomic}
   size_t MinHeapSize                              = 104857600                                 {product} {command line}
   size_t NewSize                                  = 34603008                                  {product} {ergonomic}
    uintx NonNMethodCodeHeapSize                   = 5839372                                {pd product} {ergonomic}
    uintx NonProfiledCodeHeapSize                  = 122909434                              {pd product} {ergonomic}
   size_t OldSize                                  = 70254592                                  {product} {ergonomic}
    uintx ProfiledCodeHeapSize                     = 122909434                              {pd product} {ergonomic}
    uintx ReservedCodeCacheSize                    = 251658240                              {pd product} {ergonomic}
     bool SegmentedCodeCache                       = true                                      {product} {ergonomic}
   size_t SoftMaxHeapSize                          = 1073741824                             {manageable} {ergonomic}
     bool UseCompressedClassPointers               = true                           {product lp64_product} {ergonomic}
     bool UseCompressedOops                        = true                           {product lp64_product} {ergonomic}
     bool UseLargePagesIndividualAllocation        = false                                  {pd product} {ergonomic}
     bool UseParallelGC                            = true                                      {product} {command line}

Logging:
Log output configuration:
 #0: stdout all=off uptime,level,tags
 #1: stderr all=off uptime,level,tags

Environment Variables:
JAVA_HOME=C:\Program Files\OpenJDK\jdk-17.0.6
PATH=C:\Program Files\Microsoft MPI\Bin\;C:\Python310\Scripts\;C:\Python310\;C:\Python38\Scripts\;C:\Python38\;C:\WINDOWS\system32;C:\WINDOWS;C:\WINDOWS\System32\Wbem;C:\WINDOWS\System32\WindowsPowerShell\v1.0\;C:\WINDOWS\System32\OpenSSH\;C:\ProgramData\chocolatey\bin;C:\Program Files (x86)\Yarn\bin\;C:\Program Files\dotnet\;C:\Program Files\Microsoft SQL Server\130\Tools\Binn\;C:\Program Files\Microsoft SQL Server\Client SDK\ODBC\170\Tools\Binn\;C:\Program Files (x86)\Microsoft SQL Server\150\Tools\Binn\;C:\Program Files\Microsoft SQL Server\150\Tools\Binn\;C:\Program Files (x86)\Microsoft SQL Server\150\DTS\Binn\;C:\Program Files\Microsoft SQL Server\150\DTS\Binn\;C:\Program Files\Azure Data Studio\bin;C:\Program Files (x86)\dotnet\;C:\Program Files\Go\bin;C:\Program Files\Docker\Docker\resources\bin;C:\ProgramData\DockerDesktop\version-bin;C:\Users\nguyen huu tri\AppData\Roaming\nvm;C:\Program Files\nodejs;C:\Program Files\Microsoft\Web Platform Installer\;D:\apache-maven-3.8.6\bin;C:\Program Files\OpenJDK\jdk-17.0.6\bin;C:\Program Files\Git\cmd;C:\Users\nguyen huu tri\AppData\Local\Microsoft\WindowsApps;C:\Users\nguyen huu tri\AppData\Local\Programs\Microsoft VS Code\bin;C:\Users\nguyen huu tri\AppData\Local\Yarn\bin;C:\Users\nguyen huu tri\.dotnet\tools;C:\Program Files\Azure Data Studio\bin;C:\Users\nguyen huu tri\go\bin;C:\Users\nguyen huu tri\AppData\Roaming\nvm;C:\Program Files\nodejs;C:\Users\nguyen huu tri\AppData\Local\JetBrains\Toolbox\scripts;
USERNAME=nguyen huu tri
OS=Windows_NT
PROCESSOR_IDENTIFIER=Intel64 Family 6 Model 142 Stepping 10, GenuineIntel



---------------  S Y S T E M  ---------------

OS:
 Windows 11 , 64 bit Build 22621 (10.0.22621.1344)
OS uptime: 20 days 2:17 hours
Hyper-V role detected

CPU: total 8 (initial active 8) (4 cores per cpu, 2 threads per core) family 6 model 142 stepping 10 microcode 0xe0, cx8, cmov, fxsr, ht, mmx, 3dnowpref, sse, sse2, sse3, ssse3, sse4.1, sse4.2, popcnt, lzcnt, tsc, tscinvbit, avx, avx2, aes, erms, clmul, bmi1, bmi2, adx, fma, vzeroupper, clflush, clflushopt, hv

Memory: 4k page, system-wide physical 8052M (306M free)
TotalPageFile size 32628M (AvailPageFile size 1M)
current process WorkingSet (physical memory assigned to process): 66M, peak: 66M
current process commit charge ("private bytes"): 201M, peak: 201M

vm_info: Java HotSpot(TM) 64-Bit Server VM (17.0.6+9-LTS-190) for windows-amd64 JRE (17.0.6+9-LTS-190), built on Dec  6 2022 15:53:54 by "mach5one" with MS VC++ 17.1 (VS2022)

END.
